#
# There is insufficient memory for the Java Runtime Environment to continue.
# Native memory allocation (mmap) failed to map 492830720 bytes for G1 virtual space
# Possible reasons:
#   The system is out of physical RAM or swap space
#   The process is running with CompressedOops enabled, and the Java Heap may be blocking the growth of the native heap
# Possible solutions:
#   Reduce memory load on the system
#   Increase physical memory or swap space
#   Check if swap backing store is full
#   Decrease Java heap size (-Xmx/-Xms)
#   Decrease number of Java threads
#   Decrease Java thread stack sizes (-Xss)
#   Set larger code cache with -XX:ReservedCodeCacheSize=
#   JVM is running with Unscaled Compressed Oops mode in which the Java heap is
#     placed in the first 4GB address space. The Java Heap base address is the
#     maximum limit for the native heap growth. Please use -XX:HeapBaseMinAddress
#     to set the Java Heap base and to place the Java Heap above 4GB virtual address.
# This output file may be truncated or incomplete.
#
#  Out of Memory Error (os_windows.cpp:3559), pid=19040, tid=14552
#
# JRE version: OpenJDK Runtime Environment Temurin-17.0.7+7 (17.0.7+7) (build 17.0.7+7)
# Java VM: OpenJDK 64-Bit Server VM Temurin-17.0.7+7 (17.0.7+7, mixed mode, emulated-client, tiered, compressed oops, compressed class ptrs, g1 gc, windows-amd64)
# No core dump will be written. Minidumps are not enabled by default on client versions of Windows
#

---------------  S U M M A R Y ------------

Command Line: -Dcom.sun.management.jmxremote -Dcom.sun.management.jmxremote.port=54608 -Dcom.sun.management.jmxremote.authenticate=false -Dcom.sun.management.jmxremote.ssl=false -Djava.rmi.server.hostname=localhost -Dspring.jmx.enabled=true -Dmanagement.endpoints.jmx.exposure.include=* -Dspring.application.admin.enabled=true -XX:TieredStopAtLevel=1 -Dspring.boot.project.name=ecomm_java_backend -Dfile.encoding=UTF-8 -XX:+ShowCodeDetailsInExceptionMessages com.bhaskar.EcommJavaBackendApplication --spring.output.ansi.enabled=always

Host: AMD Ryzen 5 5500U with Radeon Graphics         , 12 cores, 7G,  Windows 11 , 64 bit Build 26100 (10.0.26100.3037)
Time: Sat Mar  1 21:10:37 2025 India Standard Time elapsed time: 9.433129 seconds (0d 0h 0m 9s)

---------------  T H R E A D  ---------------

Current thread (0x0000019f57bbe610):  VMThread "VM Thread" [stack: 0x00000011fa300000,0x00000011fa400000] [id=14552]

Stack: [0x00000011fa300000,0x00000011fa400000]
Native frames: (J=compiled Java code, j=interpreted, Vv=VM code, C=native code)
V  [jvm.dll+0x67754a]
V  [jvm.dll+0x834304]
V  [jvm.dll+0x835aae]
V  [jvm.dll+0x836113]
V  [jvm.dll+0x24696f]
V  [jvm.dll+0x6743f9]
V  [jvm.dll+0x668c8a]
V  [jvm.dll+0x3061bb]
V  [jvm.dll+0x30d6a6]
V  [jvm.dll+0x35cece]
V  [jvm.dll+0x35d0ff]
V  [jvm.dll+0x2dd048]
V  [jvm.dll+0x2db20c]
V  [jvm.dll+0x2da7dc]
V  [jvm.dll+0x31e6db]
V  [jvm.dll+0x83a5bb]
V  [jvm.dll+0x83b2f4]
V  [jvm.dll+0x83b80c]
V  [jvm.dll+0x83bbe4]
V  [jvm.dll+0x83bcb0]
V  [jvm.dll+0x7e4e7a]
V  [jvm.dll+0x676395]
C  [ucrtbase.dll+0x37b0]
C  [KERNEL32.DLL+0x2e8d7]
C  [ntdll.dll+0xbbf2c]

VM_Operation (0x00000011fc2f8140): G1CollectForAllocation, mode: safepoint, requested by thread 0x0000019f5d028870


---------------  P R O C E S S  ---------------

Threads class SMR info:
_java_thread_list=0x0000019f5d9e7d80, length=29, elements={
0x0000019f4974b6e0, 0x0000019f57bee260, 0x0000019f57bc1720, 0x0000019f57bd9f80,
0x0000019f57bda840, 0x0000019f57bdb100, 0x0000019f57c27f70, 0x0000019f57c29f10,
0x0000019f57c4b390, 0x0000019f57da0f30, 0x0000019f57de4650, 0x0000019f57de5360,
0x0000019f57e305e0, 0x0000019f5c556d20, 0x0000019f5c57a250, 0x0000019f5c3a8c70,
0x0000019f5c559ee0, 0x0000019f5c553890, 0x0000019f5c7755c0, 0x0000019f5c7a3e70,
0x0000019f5d027ed0, 0x0000019f5d028870, 0x0000019f5d311890, 0x0000019f5d028d40,
0x0000019f5d027530, 0x0000019f5d02aa20, 0x0000019f5d029210, 0x0000019f5d02a550,
0x0000019f5d02a080
}

Java Threads: ( => current thread )
  0x0000019f4974b6e0 JavaThread "main" [_thread_blocked, id=23660, stack(0x00000011f9d00000,0x00000011f9e00000)]
  0x0000019f57bee260 JavaThread "Reference Handler" daemon [_thread_blocked, id=27500, stack(0x00000011fa400000,0x00000011fa500000)]
  0x0000019f57bc1720 JavaThread "Finalizer" daemon [_thread_blocked, id=27396, stack(0x00000011fa500000,0x00000011fa600000)]
  0x0000019f57bd9f80 JavaThread "Signal Dispatcher" daemon [_thread_blocked, id=26836, stack(0x00000011fa600000,0x00000011fa700000)]
  0x0000019f57bda840 JavaThread "Attach Listener" daemon [_thread_blocked, id=17916, stack(0x00000011fa700000,0x00000011fa800000)]
  0x0000019f57bdb100 JavaThread "Service Thread" daemon [_thread_blocked, id=26584, stack(0x00000011fa800000,0x00000011fa900000)]
  0x0000019f57c27f70 JavaThread "Monitor Deflation Thread" daemon [_thread_blocked, id=29568, stack(0x00000011fa900000,0x00000011faa00000)]
  0x0000019f57c29f10 JavaThread "C1 CompilerThread0" daemon [_thread_blocked, id=18852, stack(0x00000011faa00000,0x00000011fab00000)]
  0x0000019f57c4b390 JavaThread "Sweeper thread" daemon [_thread_blocked, id=18572, stack(0x00000011fab00000,0x00000011fac00000)]
  0x0000019f57da0f30 JavaThread "Common-Cleaner" daemon [_thread_blocked, id=13108, stack(0x00000011fac00000,0x00000011fad00000)]
  0x0000019f57de4650 JavaThread "C1 CompilerThread1" daemon [_thread_blocked, id=26840, stack(0x00000011fad00000,0x00000011fae00000)]
  0x0000019f57de5360 JavaThread "C1 CompilerThread2" daemon [_thread_blocked, id=5572, stack(0x00000011fae00000,0x00000011faf00000)]
  0x0000019f57e305e0 JavaThread "Notification Thread" daemon [_thread_blocked, id=28224, stack(0x00000011faf00000,0x00000011fb000000)]
  0x0000019f5c556d20 JavaThread "RMI TCP Accept-0" daemon [_thread_in_native, id=27184, stack(0x00000011fb000000,0x00000011fb100000)]
  0x0000019f5c57a250 JavaThread "RMI TCP Accept-54608" daemon [_thread_in_native, id=19212, stack(0x00000011fb100000,0x00000011fb200000)]
  0x0000019f5c3a8c70 JavaThread "RMI TCP Connection(1)-127.0.0.1" daemon [_thread_in_native, id=17312, stack(0x00000011fb200000,0x00000011fb300000)]
  0x0000019f5c559ee0 JavaThread "RMI TCP Accept-0" daemon [_thread_in_native, id=3708, stack(0x00000011fb300000,0x00000011fb400000)]
  0x0000019f5c553890 JavaThread "RMI Scheduler(0)" daemon [_thread_blocked, id=12636, stack(0x00000011fb500000,0x00000011fb600000)]
  0x0000019f5c7755c0 JavaThread "RMI TCP Connection(2)-127.0.0.1" daemon [_thread_blocked, id=26976, stack(0x00000011fb600000,0x00000011fb700000)]
  0x0000019f5c7a3e70 JavaThread "JMX server connection timeout 22" daemon [_thread_blocked, id=18512, stack(0x00000011fb700000,0x00000011fb800000)]
  0x0000019f5d027ed0 JavaThread "Thread-0" [_thread_blocked, id=26816, stack(0x00000011fc100000,0x00000011fc200000)]
  0x0000019f5d028870 JavaThread "restartedMain" [_thread_blocked, id=18548, stack(0x00000011fc200000,0x00000011fc300000)]
  0x0000019f5d311890 JavaThread "C1 CompilerThread3" daemon [_thread_blocked, id=13812, stack(0x00000011fc700000,0x00000011fc800000)]
  0x0000019f5d028d40 JavaThread "Catalina-utility-1" [_thread_blocked, id=688, stack(0x00000011fc300000,0x00000011fc400000)]
  0x0000019f5d027530 JavaThread "Catalina-utility-2" [_thread_blocked, id=12852, stack(0x00000011fc800000,0x00000011fc900000)]
  0x0000019f5d02aa20 JavaThread "container-0" [_thread_blocked, id=18592, stack(0x00000011fc900000,0x00000011fca00000)]
  0x0000019f5d029210 JavaThread "mysql-cj-abandoned-connection-cleanup" daemon [_thread_blocked, id=8464, stack(0x00000011fca00000,0x00000011fcb00000)]
  0x0000019f5d02a550 JavaThread "HikariPool-1 housekeeper" daemon [_thread_blocked, id=29508, stack(0x00000011fcc00000,0x00000011fcd00000)]
  0x0000019f5d02a080 JavaThread "HikariPool-1 connection adder" daemon [_thread_blocked, id=18100, stack(0x00000011fcd00000,0x00000011fce00000)]

Other Threads:
=>0x0000019f57bbe610 VMThread "VM Thread" [stack: 0x00000011fa300000,0x00000011fa400000] [id=14552]
  0x0000019f497bfe10 WatcherThread [stack: 0x00000011fb400000,0x00000011fb500000] [id=20872]
  0x0000019f497a1f40 GCTaskThread "GC Thread#0" [stack: 0x00000011f9e00000,0x00000011f9f00000] [id=28728]
  0x0000019f5cf73f80 GCTaskThread "GC Thread#1" [stack: 0x00000011fb800000,0x00000011fb900000] [id=1624]
  0x0000019f5cfef8f0 GCTaskThread "GC Thread#2" [stack: 0x00000011fb900000,0x00000011fba00000] [id=25584]
  0x0000019f5cfefba0 GCTaskThread "GC Thread#3" [stack: 0x00000011fba00000,0x00000011fbb00000] [id=29420]
  0x0000019f5cfefe50 GCTaskThread "GC Thread#4" [stack: 0x00000011fbb00000,0x00000011fbc00000] [id=3784]
  0x0000019f5cff0100 GCTaskThread "GC Thread#5" [stack: 0x00000011fbc00000,0x00000011fbd00000] [id=28572]
  0x0000019f5cff43c0 GCTaskThread "GC Thread#6" [stack: 0x00000011fbd00000,0x00000011fbe00000] [id=7072]
  0x0000019f5cff4670 GCTaskThread "GC Thread#7" [stack: 0x00000011fbe00000,0x00000011fbf00000] [id=29036]
  0x0000019f5cff5140 GCTaskThread "GC Thread#8" [stack: 0x00000011fbf00000,0x00000011fc000000] [id=25232]
  0x0000019f5d20f290 GCTaskThread "GC Thread#9" [stack: 0x00000011fc400000,0x00000011fc500000] [id=20856]
  0x0000019f497b1810 ConcurrentGCThread "G1 Main Marker" [stack: 0x00000011f9f00000,0x00000011fa000000] [id=4016]
  0x0000019f497b2e00 ConcurrentGCThread "G1 Conc#0" [stack: 0x00000011fa000000,0x00000011fa100000] [id=25828]
  0x0000019f5d20bb00 ConcurrentGCThread "G1 Conc#1" [stack: 0x00000011fc500000,0x00000011fc600000] [id=17584]
  0x0000019f5d2aa3b0 ConcurrentGCThread "G1 Conc#2" [stack: 0x00000011fc600000,0x00000011fc700000] [id=22964]
  0x0000019f497fecf0 ConcurrentGCThread "G1 Refine#0" [stack: 0x00000011fa100000,0x00000011fa200000] [id=27400]
  0x0000019f5cf32970 ConcurrentGCThread "G1 Refine#1" [stack: 0x00000011fc000000,0x00000011fc100000] [id=27152]
  0x0000019f5ee11150 ConcurrentGCThread "G1 Refine#2" [stack: 0x00000011fce00000,0x00000011fcf00000] [id=29380]
  0x0000019f5ee0e350 ConcurrentGCThread "G1 Refine#3" [stack: 0x00000011fcf00000,0x00000011fd000000] [id=27852]
  0x0000019f5ee0e910 ConcurrentGCThread "G1 Refine#4" [stack: 0x00000011fd000000,0x00000011fd100000] [id=10988]
  0x0000019f5ee102f0 ConcurrentGCThread "G1 Refine#5" [stack: 0x00000011fd100000,0x00000011fd200000] [id=5364]
  0x0000019f5ee0fd30 ConcurrentGCThread "G1 Refine#6" [stack: 0x00000011fd200000,0x00000011fd300000] [id=21020]
  0x0000019f5ee11430 ConcurrentGCThread "G1 Refine#7" [stack: 0x00000011fd300000,0x00000011fd400000] [id=18608]
  0x0000019f5ee0f1b0 ConcurrentGCThread "G1 Refine#8" [stack: 0x00000011fd400000,0x00000011fd500000] [id=19824]
  0x0000019f57a2ca60 ConcurrentGCThread "G1 Service" [stack: 0x00000011fa200000,0x00000011fa300000] [id=27756]

Threads with active compile tasks:

VM state: at safepoint (normal execution)

VM Mutex/Monitor currently owned by a thread:  ([mutex/lock_event])
[0x0000019f49746f40] Threads_lock - owner thread: 0x0000019f57bbe610
[0x0000019f49746be0] Heap_lock - owner thread: 0x0000019f5d028870

Heap address: 0x000000008ac00000, size: 1876 MB, Compressed Oops mode: 32-bit

CDS archive(s) not mapped
Compressed class space mapped at: 0x0000000100000000-0x0000000140000000, reserved size: 1073741824
Narrow klass base: 0x0000000000000000, Narrow klass shift: 3, Narrow klass range: 0x140000000

GC Precious Log:
 CPUs: 12 total, 12 available
 Memory: 7501M
 Large Page Support: Disabled
 NUMA Support: Disabled
 Compressed Oops: Enabled (32-bit)
 Heap Region Size: 1M
 Heap Min Capacity: 8M
 Heap Initial Capacity: 118M
 Heap Max Capacity: 1876M
 Pre-touch: Disabled
 Parallel Workers: 10
 Concurrent Workers: 3
 Concurrent Refinement Workers: 10
 Periodic GC: Disabled

Heap:
 garbage-first heap   total 316416K, used 152576K [0x000000008ac00000, 0x0000000100000000)
  region size 1024K, 12 young (12288K), 12 survivors (12288K)
 Metaspace       used 80284K, committed 80896K, reserved 1179648K
  class space    used 11328K, committed 11584K, reserved 1048576K

Heap Regions: E=young(eden), S=young(survivor), O=old, HS=humongous(starts), HC=humongous(continues), CS=collection set, F=free, OA=open archive, CA=closed archive, TAMS=top-at-mark-start (previous, next)
|   0|0x000000008ac00000, 0x000000008ad00000, 0x000000008ad00000|100%|HS|  |TAMS 0x000000008ad00000, 0x000000008ac00000| Complete 
|   1|0x000000008ad00000, 0x000000008ae00000, 0x000000008ae00000|100%|HS|  |TAMS 0x000000008ae00000, 0x000000008ad00000| Complete 
|   2|0x000000008ae00000, 0x000000008af00000, 0x000000008af00000|100%| O|  |TAMS 0x000000008af00000, 0x000000008ae00000| Untracked 
|   3|0x000000008af00000, 0x000000008b000000, 0x000000008b000000|100%| O|  |TAMS 0x000000008b000000, 0x000000008af00000| Untracked 
|   4|0x000000008b000000, 0x000000008b100000, 0x000000008b100000|100%| O|  |TAMS 0x000000008b100000, 0x000000008b000000| Untracked 
|   5|0x000000008b100000, 0x000000008b200000, 0x000000008b200000|100%| O|  |TAMS 0x000000008b200000, 0x000000008b100000| Untracked 
|   6|0x000000008b200000, 0x000000008b300000, 0x000000008b300000|100%| O|  |TAMS 0x000000008b300000, 0x000000008b200000| Untracked 
|   7|0x000000008b300000, 0x000000008b400000, 0x000000008b400000|100%| O|  |TAMS 0x000000008b400000, 0x000000008b300000| Untracked 
|   8|0x000000008b400000, 0x000000008b500000, 0x000000008b500000|100%| O|  |TAMS 0x000000008b500000, 0x000000008b400000| Untracked 
|   9|0x000000008b500000, 0x000000008b600000, 0x000000008b600000|100%| O|  |TAMS 0x000000008b600000, 0x000000008b500000| Untracked 
|  10|0x000000008b600000, 0x000000008b700000, 0x000000008b700000|100%| O|  |TAMS 0x000000008b700000, 0x000000008b600000| Untracked 
|  11|0x000000008b700000, 0x000000008b800000, 0x000000008b800000|100%| O|  |TAMS 0x000000008b800000, 0x000000008b700000| Untracked 
|  12|0x000000008b800000, 0x000000008b900000, 0x000000008b900000|100%| O|  |TAMS 0x000000008b900000, 0x000000008b800000| Untracked 
|  13|0x000000008b900000, 0x000000008ba00000, 0x000000008ba00000|100%| O|  |TAMS 0x000000008ba00000, 0x000000008b900000| Untracked 
|  14|0x000000008ba00000, 0x000000008bb00000, 0x000000008bb00000|100%| O|  |TAMS 0x000000008bb00000, 0x000000008ba00000| Untracked 
|  15|0x000000008bb00000, 0x000000008bc00000, 0x000000008bc00000|100%| O|  |TAMS 0x000000008bc00000, 0x000000008bb00000| Untracked 
|  16|0x000000008bc00000, 0x000000008bd00000, 0x000000008bd00000|100%| O|  |TAMS 0x000000008bd00000, 0x000000008bc00000| Untracked 
|  17|0x000000008bd00000, 0x000000008be00000, 0x000000008be00000|100%| O|  |TAMS 0x000000008be00000, 0x000000008bd00000| Untracked 
|  18|0x000000008be00000, 0x000000008bf00000, 0x000000008bf00000|100%| O|  |TAMS 0x000000008bf00000, 0x000000008be00000| Untracked 
|  19|0x000000008bf00000, 0x000000008c000000, 0x000000008c000000|100%| O|  |TAMS 0x000000008c000000, 0x000000008bf00000| Untracked 
|  20|0x000000008c000000, 0x000000008c100000, 0x000000008c100000|100%| O|  |TAMS 0x000000008c100000, 0x000000008c000000| Untracked 
|  21|0x000000008c100000, 0x000000008c200000, 0x000000008c200000|100%| O|  |TAMS 0x000000008c200000, 0x000000008c100000| Untracked 
|  22|0x000000008c200000, 0x000000008c300000, 0x000000008c300000|100%| O|  |TAMS 0x000000008c300000, 0x000000008c200000| Untracked 
|  23|0x000000008c300000, 0x000000008c400000, 0x000000008c400000|100%| O|  |TAMS 0x000000008c400000, 0x000000008c300000| Untracked 
|  24|0x000000008c400000, 0x000000008c500000, 0x000000008c500000|100%| O|  |TAMS 0x000000008c500000, 0x000000008c400000| Untracked 
|  25|0x000000008c500000, 0x000000008c600000, 0x000000008c600000|100%| O|  |TAMS 0x000000008c600000, 0x000000008c500000| Untracked 
|  26|0x000000008c600000, 0x000000008c700000, 0x000000008c700000|100%| O|  |TAMS 0x000000008c700000, 0x000000008c600000| Untracked 
|  27|0x000000008c700000, 0x000000008c800000, 0x000000008c800000|100%| O|  |TAMS 0x000000008c800000, 0x000000008c700000| Untracked 
|  28|0x000000008c800000, 0x000000008c900000, 0x000000008c900000|100%| O|  |TAMS 0x000000008c900000, 0x000000008c800000| Untracked 
|  29|0x000000008c900000, 0x000000008ca00000, 0x000000008ca00000|100%| O|  |TAMS 0x000000008ca00000, 0x000000008c900000| Untracked 
|  30|0x000000008ca00000, 0x000000008cb00000, 0x000000008cb00000|100%| O|  |TAMS 0x000000008cb00000, 0x000000008ca00000| Untracked 
|  31|0x000000008cb00000, 0x000000008cc00000, 0x000000008cc00000|100%| O|  |TAMS 0x000000008cc00000, 0x000000008cb00000| Untracked 
|  32|0x000000008cc00000, 0x000000008cd00000, 0x000000008cd00000|100%| O|  |TAMS 0x000000008cd00000, 0x000000008cc00000| Untracked 
|  33|0x000000008cd00000, 0x000000008ce00000, 0x000000008ce00000|100%| O|  |TAMS 0x000000008ce00000, 0x000000008cd00000| Untracked 
|  34|0x000000008ce00000, 0x000000008cf00000, 0x000000008cf00000|100%| O|  |TAMS 0x000000008cf00000, 0x000000008ce00000| Untracked 
|  35|0x000000008cf00000, 0x000000008d000000, 0x000000008d000000|100%| O|  |TAMS 0x000000008d000000, 0x000000008cf00000| Untracked 
|  36|0x000000008d000000, 0x000000008d100000, 0x000000008d100000|100%| O|  |TAMS 0x000000008d100000, 0x000000008d000000| Untracked 
|  37|0x000000008d100000, 0x000000008d200000, 0x000000008d200000|100%| O|  |TAMS 0x000000008d200000, 0x000000008d100000| Untracked 
|  38|0x000000008d200000, 0x000000008d300000, 0x000000008d300000|100%| O|  |TAMS 0x000000008d300000, 0x000000008d200000| Untracked 
|  39|0x000000008d300000, 0x000000008d400000, 0x000000008d400000|100%| O|  |TAMS 0x000000008d400000, 0x000000008d300000| Untracked 
|  40|0x000000008d400000, 0x000000008d500000, 0x000000008d500000|100%| O|  |TAMS 0x000000008d500000, 0x000000008d400000| Untracked 
|  41|0x000000008d500000, 0x000000008d600000, 0x000000008d600000|100%| O|  |TAMS 0x000000008d600000, 0x000000008d500000| Untracked 
|  42|0x000000008d600000, 0x000000008d700000, 0x000000008d700000|100%|HS|  |TAMS 0x000000008d600000, 0x000000008d600000| Complete 
|  43|0x000000008d700000, 0x000000008d800000, 0x000000008d800000|100%| O|  |TAMS 0x000000008d700000, 0x000000008d700000| Untracked 
|  44|0x000000008d800000, 0x000000008d900000, 0x000000008d900000|100%| O|  |TAMS 0x000000008d800000, 0x000000008d800000| Untracked 
|  45|0x000000008d900000, 0x000000008da00000, 0x000000008da00000|100%| O|  |TAMS 0x000000008d900000, 0x000000008d900000| Untracked 
|  46|0x000000008da00000, 0x000000008db00000, 0x000000008db00000|100%| O|  |TAMS 0x000000008da00000, 0x000000008da00000| Untracked 
|  47|0x000000008db00000, 0x000000008dc00000, 0x000000008dc00000|100%| O|  |TAMS 0x000000008db00000, 0x000000008db00000| Untracked 
|  48|0x000000008dc00000, 0x000000008dd00000, 0x000000008dd00000|100%| O|  |TAMS 0x000000008dc00000, 0x000000008dc00000| Untracked 
|  49|0x000000008dd00000, 0x000000008de00000, 0x000000008de00000|100%| O|  |TAMS 0x000000008dd00000, 0x000000008dd00000| Untracked 
|  50|0x000000008de00000, 0x000000008df00000, 0x000000008df00000|100%| O|  |TAMS 0x000000008de00000, 0x000000008de00000| Untracked 
|  51|0x000000008df00000, 0x000000008e000000, 0x000000008e000000|100%| O|  |TAMS 0x000000008df00000, 0x000000008df00000| Untracked 
|  52|0x000000008e000000, 0x000000008e100000, 0x000000008e100000|100%| O|  |TAMS 0x000000008e000000, 0x000000008e000000| Untracked 
|  53|0x000000008e100000, 0x000000008e200000, 0x000000008e200000|100%| O|  |TAMS 0x000000008e100000, 0x000000008e100000| Untracked 
|  54|0x000000008e200000, 0x000000008e300000, 0x000000008e300000|100%| O|  |TAMS 0x000000008e200000, 0x000000008e200000| Untracked 
|  55|0x000000008e300000, 0x000000008e400000, 0x000000008e400000|100%| O|  |TAMS 0x000000008e300000, 0x000000008e300000| Untracked 
|  56|0x000000008e400000, 0x000000008e500000, 0x000000008e500000|100%| O|  |TAMS 0x000000008e400000, 0x000000008e400000| Untracked 
|  57|0x000000008e500000, 0x000000008e600000, 0x000000008e600000|100%| O|  |TAMS 0x000000008e500000, 0x000000008e500000| Untracked 
|  58|0x000000008e600000, 0x000000008e700000, 0x000000008e700000|100%| O|  |TAMS 0x000000008e600000, 0x000000008e600000| Untracked 
|  59|0x000000008e700000, 0x000000008e800000, 0x000000008e800000|100%|HS|  |TAMS 0x000000008e700000, 0x000000008e700000| Complete 
|  60|0x000000008e800000, 0x000000008e900000, 0x000000008e900000|100%|HS|  |TAMS 0x000000008e800000, 0x000000008e800000| Complete 
|  61|0x000000008e900000, 0x000000008ea00000, 0x000000008ea00000|100%| O|  |TAMS 0x000000008e900000, 0x000000008e900000| Untracked 
|  62|0x000000008ea00000, 0x000000008eb00000, 0x000000008eb00000|100%| O|  |TAMS 0x000000008ea00000, 0x000000008ea00000| Untracked 
|  63|0x000000008eb00000, 0x000000008ec00000, 0x000000008ec00000|100%| O|  |TAMS 0x000000008eb00000, 0x000000008eb00000| Untracked 
|  64|0x000000008ec00000, 0x000000008ed00000, 0x000000008ed00000|100%| O|  |TAMS 0x000000008ec00000, 0x000000008ec00000| Untracked 
|  65|0x000000008ed00000, 0x000000008ee00000, 0x000000008ee00000|100%| O|  |TAMS 0x000000008ed00000, 0x000000008ed00000| Untracked 
|  66|0x000000008ee00000, 0x000000008ef00000, 0x000000008ef00000|100%| O|  |TAMS 0x000000008ee00000, 0x000000008ee00000| Untracked 
|  67|0x000000008ef00000, 0x000000008f000000, 0x000000008f000000|100%| O|  |TAMS 0x000000008ef00000, 0x000000008ef00000| Untracked 
|  68|0x000000008f000000, 0x000000008f100000, 0x000000008f100000|100%| O|  |TAMS 0x000000008f000000, 0x000000008f000000| Untracked 
|  69|0x000000008f100000, 0x000000008f200000, 0x000000008f200000|100%| O|  |TAMS 0x000000008f100000, 0x000000008f100000| Untracked 
|  70|0x000000008f200000, 0x000000008f300000, 0x000000008f300000|100%| O|  |TAMS 0x000000008f200000, 0x000000008f200000| Untracked 
|  71|0x000000008f300000, 0x000000008f400000, 0x000000008f400000|100%| O|  |TAMS 0x000000008f300000, 0x000000008f300000| Untracked 
|  72|0x000000008f400000, 0x000000008f500000, 0x000000008f500000|100%| O|  |TAMS 0x000000008f400000, 0x000000008f400000| Untracked 
|  73|0x000000008f500000, 0x000000008f600000, 0x000000008f600000|100%| O|  |TAMS 0x000000008f500000, 0x000000008f500000| Untracked 
|  74|0x000000008f600000, 0x000000008f700000, 0x000000008f700000|100%| O|  |TAMS 0x000000008f600000, 0x000000008f600000| Untracked 
|  75|0x000000008f700000, 0x000000008f800000, 0x000000008f800000|100%| O|  |TAMS 0x000000008f700000, 0x000000008f700000| Untracked 
|  76|0x000000008f800000, 0x000000008f900000, 0x000000008f900000|100%| O|  |TAMS 0x000000008f800000, 0x000000008f800000| Untracked 
|  77|0x000000008f900000, 0x000000008fa00000, 0x000000008fa00000|100%| O|  |TAMS 0x000000008f900000, 0x000000008f900000| Untracked 
|  78|0x000000008fa00000, 0x000000008fb00000, 0x000000008fb00000|100%| O|  |TAMS 0x000000008fa00000, 0x000000008fa00000| Untracked 
|  79|0x000000008fb00000, 0x000000008fc00000, 0x000000008fc00000|100%| O|  |TAMS 0x000000008fb00000, 0x000000008fb00000| Untracked 
|  80|0x000000008fc00000, 0x000000008fd00000, 0x000000008fd00000|100%| O|  |TAMS 0x000000008fc00000, 0x000000008fc00000| Untracked 
|  81|0x000000008fd00000, 0x000000008fe00000, 0x000000008fe00000|100%| O|  |TAMS 0x000000008fd00000, 0x000000008fd00000| Untracked 
|  82|0x000000008fe00000, 0x000000008ff00000, 0x000000008ff00000|100%| O|  |TAMS 0x000000008fe00000, 0x000000008fe00000| Untracked 
|  83|0x000000008ff00000, 0x0000000090000000, 0x0000000090000000|100%| O|  |TAMS 0x000000008ff00000, 0x000000008ff00000| Untracked 
|  84|0x0000000090000000, 0x0000000090100000, 0x0000000090100000|100%| O|  |TAMS 0x0000000090000000, 0x0000000090000000| Untracked 
|  85|0x0000000090100000, 0x0000000090200000, 0x0000000090200000|100%| O|  |TAMS 0x0000000090100000, 0x0000000090100000| Untracked 
|  86|0x0000000090200000, 0x0000000090300000, 0x0000000090300000|100%| O|  |TAMS 0x0000000090200000, 0x0000000090200000| Untracked 
|  87|0x0000000090300000, 0x0000000090400000, 0x0000000090400000|100%| O|  |TAMS 0x0000000090300000, 0x0000000090300000| Untracked 
|  88|0x0000000090400000, 0x0000000090500000, 0x0000000090500000|100%| O|  |TAMS 0x0000000090400000, 0x0000000090400000| Untracked 
|  89|0x0000000090500000, 0x0000000090600000, 0x0000000090600000|100%| O|  |TAMS 0x0000000090500000, 0x0000000090500000| Untracked 
|  90|0x0000000090600000, 0x0000000090700000, 0x0000000090700000|100%| O|  |TAMS 0x0000000090600000, 0x0000000090600000| Untracked 
|  91|0x0000000090700000, 0x0000000090800000, 0x0000000090800000|100%| O|  |TAMS 0x0000000090700000, 0x0000000090700000| Untracked 
|  92|0x0000000090800000, 0x0000000090900000, 0x0000000090900000|100%| O|  |TAMS 0x0000000090800000, 0x0000000090800000| Untracked 
|  93|0x0000000090900000, 0x0000000090a00000, 0x0000000090a00000|100%| O|  |TAMS 0x0000000090900000, 0x0000000090900000| Untracked 
|  94|0x0000000090a00000, 0x0000000090b00000, 0x0000000090b00000|100%| O|  |TAMS 0x0000000090a00000, 0x0000000090a00000| Untracked 
|  95|0x0000000090b00000, 0x0000000090c00000, 0x0000000090c00000|100%| O|  |TAMS 0x0000000090b00000, 0x0000000090b00000| Untracked 
|  96|0x0000000090c00000, 0x0000000090d00000, 0x0000000090d00000|100%| O|  |TAMS 0x0000000090c00000, 0x0000000090c00000| Untracked 
|  97|0x0000000090d00000, 0x0000000090e00000, 0x0000000090e00000|100%| O|  |TAMS 0x0000000090d00000, 0x0000000090d00000| Untracked 
|  98|0x0000000090e00000, 0x0000000090f00000, 0x0000000090f00000|100%| O|  |TAMS 0x0000000090e00000, 0x0000000090e00000| Untracked 
|  99|0x0000000090f00000, 0x0000000091000000, 0x0000000091000000|100%| O|  |TAMS 0x0000000090f00000, 0x0000000090f00000| Untracked 
| 100|0x0000000091000000, 0x0000000091100000, 0x0000000091100000|100%| O|  |TAMS 0x0000000091000000, 0x0000000091000000| Untracked 
| 101|0x0000000091100000, 0x0000000091200000, 0x0000000091200000|100%| O|  |TAMS 0x0000000091100000, 0x0000000091100000| Untracked 
| 102|0x0000000091200000, 0x0000000091300000, 0x0000000091300000|100%| O|  |TAMS 0x0000000091200000, 0x0000000091200000| Untracked 
| 103|0x0000000091300000, 0x0000000091400000, 0x0000000091400000|100%| O|  |TAMS 0x0000000091300000, 0x0000000091300000| Untracked 
| 104|0x0000000091400000, 0x0000000091500000, 0x0000000091500000|100%| O|  |TAMS 0x0000000091400000, 0x0000000091400000| Untracked 
| 105|0x0000000091500000, 0x0000000091600000, 0x0000000091600000|100%| O|  |TAMS 0x0000000091500000, 0x0000000091500000| Untracked 
| 106|0x0000000091600000, 0x0000000091700000, 0x0000000091700000|100%| O|  |TAMS 0x0000000091600000, 0x0000000091600000| Untracked 
| 107|0x0000000091700000, 0x0000000091800000, 0x0000000091800000|100%| O|  |TAMS 0x0000000091700000, 0x0000000091700000| Untracked 
| 108|0x0000000091800000, 0x0000000091900000, 0x0000000091900000|100%| O|  |TAMS 0x0000000091800000, 0x0000000091800000| Untracked 
| 109|0x0000000091900000, 0x0000000091a00000, 0x0000000091a00000|100%| O|  |TAMS 0x0000000091900000, 0x0000000091900000| Untracked 
| 110|0x0000000091a00000, 0x0000000091b00000, 0x0000000091b00000|100%| O|  |TAMS 0x0000000091a00000, 0x0000000091a00000| Untracked 
| 111|0x0000000091b00000, 0x0000000091c00000, 0x0000000091c00000|100%| O|  |TAMS 0x0000000091b00000, 0x0000000091b00000| Untracked 
| 112|0x0000000091c00000, 0x0000000091d00000, 0x0000000091d00000|100%| O|  |TAMS 0x0000000091c00000, 0x0000000091c00000| Untracked 
| 113|0x0000000091d00000, 0x0000000091e00000, 0x0000000091e00000|100%| O|  |TAMS 0x0000000091d00000, 0x0000000091d00000| Untracked 
| 114|0x0000000091e00000, 0x0000000091f00000, 0x0000000091f00000|100%| O|  |TAMS 0x0000000091e00000, 0x0000000091e00000| Untracked 
| 115|0x0000000091f00000, 0x0000000092000000, 0x0000000092000000|100%| O|  |TAMS 0x0000000091f00000, 0x0000000091f00000| Untracked 
| 116|0x0000000092000000, 0x0000000092100000, 0x0000000092100000|100%| O|  |TAMS 0x0000000092000000, 0x0000000092000000| Untracked 
| 117|0x0000000092100000, 0x0000000092200000, 0x0000000092200000|100%|HS|  |TAMS 0x0000000092100000, 0x0000000092100000| Complete 
| 118|0x0000000092200000, 0x0000000092300000, 0x0000000092300000|100%|HC|  |TAMS 0x0000000092200000, 0x0000000092200000| Complete 
| 119|0x0000000092300000, 0x0000000092400000, 0x0000000092400000|100%| O|  |TAMS 0x0000000092300000, 0x0000000092300000| Untracked 
| 120|0x0000000092400000, 0x0000000092500000, 0x0000000092500000|100%| O|  |TAMS 0x0000000092400000, 0x0000000092400000| Untracked 
| 121|0x0000000092500000, 0x0000000092600000, 0x0000000092600000|100%| O|  |TAMS 0x0000000092500000, 0x0000000092500000| Untracked 
| 122|0x0000000092600000, 0x0000000092700000, 0x0000000092700000|100%| O|  |TAMS 0x0000000092600000, 0x0000000092600000| Untracked 
| 123|0x0000000092700000, 0x0000000092800000, 0x0000000092800000|100%| O|  |TAMS 0x0000000092700000, 0x0000000092700000| Untracked 
| 124|0x0000000092800000, 0x0000000092900000, 0x0000000092900000|100%| O|  |TAMS 0x0000000092800000, 0x0000000092800000| Untracked 
| 125|0x0000000092900000, 0x0000000092a00000, 0x0000000092a00000|100%| O|  |TAMS 0x0000000092900000, 0x0000000092900000| Untracked 
| 126|0x0000000092a00000, 0x0000000092b00000, 0x0000000092b00000|100%| O|  |TAMS 0x0000000092a00000, 0x0000000092a00000| Untracked 
| 127|0x0000000092b00000, 0x0000000092c00000, 0x0000000092c00000|100%| O|  |TAMS 0x0000000092b00000, 0x0000000092b00000| Untracked 
| 128|0x0000000092c00000, 0x0000000092d00000, 0x0000000092d00000|100%| O|  |TAMS 0x0000000092c00000, 0x0000000092c00000| Untracked 
| 129|0x0000000092d00000, 0x0000000092e00000, 0x0000000092e00000|100%| O|  |TAMS 0x0000000092d00000, 0x0000000092d00000| Untracked 
| 130|0x0000000092e00000, 0x0000000092f00000, 0x0000000092f00000|100%| O|  |TAMS 0x0000000092e00000, 0x0000000092e00000| Untracked 
| 131|0x0000000092f00000, 0x0000000093000000, 0x0000000093000000|100%| O|  |TAMS 0x0000000092f00000, 0x0000000092f00000| Untracked 
| 132|0x0000000093000000, 0x0000000093100000, 0x0000000093100000|100%| O|  |TAMS 0x0000000093000000, 0x0000000093000000| Untracked 
| 133|0x0000000093100000, 0x0000000093200000, 0x0000000093200000|100%| O|  |TAMS 0x0000000093100000, 0x0000000093100000| Untracked 
| 134|0x0000000093200000, 0x0000000093300000, 0x0000000093300000|100%| O|  |TAMS 0x0000000093200000, 0x0000000093200000| Untracked 
| 135|0x0000000093300000, 0x0000000093400000, 0x0000000093400000|100%| O|  |TAMS 0x0000000093300000, 0x0000000093300000| Untracked 
| 136|0x0000000093400000, 0x0000000093500000, 0x0000000093500000|100%| O|  |TAMS 0x0000000093400000, 0x0000000093400000| Untracked 
| 137|0x0000000093500000, 0x0000000093500000, 0x0000000093600000|  0%| F|  |TAMS 0x0000000093500000, 0x0000000093500000| Untracked 
| 138|0x0000000093600000, 0x0000000093600000, 0x0000000093700000|  0%| F|  |TAMS 0x0000000093600000, 0x0000000093600000| Untracked 
| 139|0x0000000093700000, 0x0000000093700000, 0x0000000093800000|  0%| F|  |TAMS 0x0000000093700000, 0x0000000093700000| Untracked 
| 140|0x0000000093800000, 0x0000000093800000, 0x0000000093900000|  0%| F|  |TAMS 0x0000000093800000, 0x0000000093800000| Untracked 
| 141|0x0000000093900000, 0x0000000093900000, 0x0000000093a00000|  0%| F|  |TAMS 0x0000000093900000, 0x0000000093900000| Untracked 
| 142|0x0000000093a00000, 0x0000000093a00000, 0x0000000093b00000|  0%| F|  |TAMS 0x0000000093a00000, 0x0000000093a00000| Untracked 
| 143|0x0000000093b00000, 0x0000000093b00000, 0x0000000093c00000|  0%| F|  |TAMS 0x0000000093b00000, 0x0000000093b00000| Untracked 
| 144|0x0000000093c00000, 0x0000000093c00000, 0x0000000093d00000|  0%| F|  |TAMS 0x0000000093c00000, 0x0000000093c00000| Untracked 
| 145|0x0000000093d00000, 0x0000000093d00000, 0x0000000093e00000|  0%| F|  |TAMS 0x0000000093d00000, 0x0000000093d00000| Untracked 
| 146|0x0000000093e00000, 0x0000000093e00000, 0x0000000093f00000|  0%| F|  |TAMS 0x0000000093e00000, 0x0000000093e00000| Untracked 
| 147|0x0000000093f00000, 0x0000000093f00000, 0x0000000094000000|  0%| F|  |TAMS 0x0000000093f00000, 0x0000000093f00000| Untracked 
| 148|0x0000000094000000, 0x0000000094000000, 0x0000000094100000|  0%| F|  |TAMS 0x0000000094000000, 0x0000000094000000| Untracked 
| 149|0x0000000094100000, 0x0000000094100000, 0x0000000094200000|  0%| F|  |TAMS 0x0000000094100000, 0x0000000094100000| Untracked 
| 150|0x0000000094200000, 0x0000000094200000, 0x0000000094300000|  0%| F|  |TAMS 0x0000000094200000, 0x0000000094200000| Untracked 
| 151|0x0000000094300000, 0x0000000094300000, 0x0000000094400000|  0%| F|  |TAMS 0x0000000094300000, 0x0000000094300000| Untracked 
| 152|0x0000000094400000, 0x0000000094400000, 0x0000000094500000|  0%| F|  |TAMS 0x0000000094400000, 0x0000000094400000| Untracked 
| 153|0x0000000094500000, 0x0000000094500000, 0x0000000094600000|  0%| F|  |TAMS 0x0000000094500000, 0x0000000094500000| Untracked 
| 154|0x0000000094600000, 0x0000000094600000, 0x0000000094700000|  0%| F|  |TAMS 0x0000000094600000, 0x0000000094600000| Untracked 
| 155|0x0000000094700000, 0x0000000094700000, 0x0000000094800000|  0%| F|  |TAMS 0x0000000094700000, 0x0000000094700000| Untracked 
| 156|0x0000000094800000, 0x0000000094800000, 0x0000000094900000|  0%| F|  |TAMS 0x0000000094800000, 0x0000000094800000| Untracked 
| 157|0x0000000094900000, 0x0000000094900000, 0x0000000094a00000|  0%| F|  |TAMS 0x0000000094900000, 0x0000000094900000| Untracked 
| 158|0x0000000094a00000, 0x0000000094a00000, 0x0000000094b00000|  0%| F|  |TAMS 0x0000000094a00000, 0x0000000094a00000| Untracked 
| 159|0x0000000094b00000, 0x0000000094b00000, 0x0000000094c00000|  0%| F|  |TAMS 0x0000000094b00000, 0x0000000094b00000| Untracked 
| 160|0x0000000094c00000, 0x0000000094c00000, 0x0000000094d00000|  0%| F|  |TAMS 0x0000000094c00000, 0x0000000094c00000| Untracked 
| 161|0x0000000094d00000, 0x0000000094d00000, 0x0000000094e00000|  0%| F|  |TAMS 0x0000000094d00000, 0x0000000094d00000| Untracked 
| 162|0x0000000094e00000, 0x0000000094e00000, 0x0000000094f00000|  0%| F|  |TAMS 0x0000000094e00000, 0x0000000094e00000| Untracked 
| 163|0x0000000094f00000, 0x0000000094f00000, 0x0000000095000000|  0%| F|  |TAMS 0x0000000094f00000, 0x0000000094f00000| Untracked 
| 164|0x0000000095000000, 0x0000000095000000, 0x0000000095100000|  0%| F|  |TAMS 0x0000000095000000, 0x0000000095000000| Untracked 
| 165|0x0000000095100000, 0x0000000095100000, 0x0000000095200000|  0%| F|  |TAMS 0x0000000095100000, 0x0000000095100000| Untracked 
| 166|0x0000000095200000, 0x0000000095200000, 0x0000000095300000|  0%| F|  |TAMS 0x0000000095200000, 0x0000000095200000| Untracked 
| 167|0x0000000095300000, 0x0000000095300000, 0x0000000095400000|  0%| F|  |TAMS 0x0000000095300000, 0x0000000095300000| Untracked 
| 168|0x0000000095400000, 0x0000000095400000, 0x0000000095500000|  0%| F|  |TAMS 0x0000000095400000, 0x0000000095400000| Untracked 
| 169|0x0000000095500000, 0x0000000095500000, 0x0000000095600000|  0%| F|  |TAMS 0x0000000095500000, 0x0000000095500000| Untracked 
| 170|0x0000000095600000, 0x0000000095600000, 0x0000000095700000|  0%| F|  |TAMS 0x0000000095600000, 0x0000000095600000| Untracked 
| 171|0x0000000095700000, 0x0000000095700000, 0x0000000095800000|  0%| F|  |TAMS 0x0000000095700000, 0x0000000095700000| Untracked 
| 172|0x0000000095800000, 0x0000000095800000, 0x0000000095900000|  0%| F|  |TAMS 0x0000000095800000, 0x0000000095800000| Untracked 
| 173|0x0000000095900000, 0x0000000095900000, 0x0000000095a00000|  0%| F|  |TAMS 0x0000000095900000, 0x0000000095900000| Untracked 
| 174|0x0000000095a00000, 0x0000000095a00000, 0x0000000095b00000|  0%| F|  |TAMS 0x0000000095a00000, 0x0000000095a00000| Untracked 
| 175|0x0000000095b00000, 0x0000000095b00000, 0x0000000095c00000|  0%| F|  |TAMS 0x0000000095b00000, 0x0000000095b00000| Untracked 
| 176|0x0000000095c00000, 0x0000000095c00000, 0x0000000095d00000|  0%| F|  |TAMS 0x0000000095c00000, 0x0000000095c00000| Untracked 
| 177|0x0000000095d00000, 0x0000000095d00000, 0x0000000095e00000|  0%| F|  |TAMS 0x0000000095d00000, 0x0000000095d00000| Untracked 
| 178|0x0000000095e00000, 0x0000000095e00000, 0x0000000095f00000|  0%| F|  |TAMS 0x0000000095e00000, 0x0000000095e00000| Untracked 
| 179|0x0000000095f00000, 0x0000000095f00000, 0x0000000096000000|  0%| F|  |TAMS 0x0000000095f00000, 0x0000000095f00000| Untracked 
| 180|0x0000000096000000, 0x0000000096000000, 0x0000000096100000|  0%| F|  |TAMS 0x0000000096000000, 0x0000000096000000| Untracked 
| 181|0x0000000096100000, 0x0000000096100000, 0x0000000096200000|  0%| F|  |TAMS 0x0000000096100000, 0x0000000096100000| Untracked 
| 182|0x0000000096200000, 0x0000000096200000, 0x0000000096300000|  0%| F|  |TAMS 0x0000000096200000, 0x0000000096200000| Untracked 
| 183|0x0000000096300000, 0x0000000096300000, 0x0000000096400000|  0%| F|  |TAMS 0x0000000096300000, 0x0000000096300000| Untracked 
| 184|0x0000000096400000, 0x0000000096400000, 0x0000000096500000|  0%| F|  |TAMS 0x0000000096400000, 0x0000000096400000| Untracked 
| 185|0x0000000096500000, 0x0000000096500000, 0x0000000096600000|  0%| F|  |TAMS 0x0000000096500000, 0x0000000096500000| Untracked 
| 186|0x0000000096600000, 0x0000000096600000, 0x0000000096700000|  0%| F|  |TAMS 0x0000000096600000, 0x0000000096600000| Untracked 
| 187|0x0000000096700000, 0x0000000096700000, 0x0000000096800000|  0%| F|  |TAMS 0x0000000096700000, 0x0000000096700000| Untracked 
| 188|0x0000000096800000, 0x0000000096800000, 0x0000000096900000|  0%| F|  |TAMS 0x0000000096800000, 0x0000000096800000| Untracked 
| 189|0x0000000096900000, 0x0000000096900000, 0x0000000096a00000|  0%| F|  |TAMS 0x0000000096900000, 0x0000000096900000| Untracked 
| 190|0x0000000096a00000, 0x0000000096a00000, 0x0000000096b00000|  0%| F|  |TAMS 0x0000000096a00000, 0x0000000096a00000| Untracked 
| 191|0x0000000096b00000, 0x0000000096b00000, 0x0000000096c00000|  0%| F|  |TAMS 0x0000000096b00000, 0x0000000096b00000| Untracked 
| 192|0x0000000096c00000, 0x0000000096c00000, 0x0000000096d00000|  0%| F|  |TAMS 0x0000000096c00000, 0x0000000096c00000| Untracked 
| 193|0x0000000096d00000, 0x0000000096d00000, 0x0000000096e00000|  0%| F|  |TAMS 0x0000000096d00000, 0x0000000096d00000| Untracked 
| 194|0x0000000096e00000, 0x0000000096e00000, 0x0000000096f00000|  0%| F|  |TAMS 0x0000000096e00000, 0x0000000096e00000| Untracked 
| 195|0x0000000096f00000, 0x0000000096f00000, 0x0000000097000000|  0%| F|  |TAMS 0x0000000096f00000, 0x0000000096f00000| Untracked 
| 196|0x0000000097000000, 0x0000000097000000, 0x0000000097100000|  0%| F|  |TAMS 0x0000000097000000, 0x0000000097000000| Untracked 
| 197|0x0000000097100000, 0x0000000097100000, 0x0000000097200000|  0%| F|  |TAMS 0x0000000097100000, 0x0000000097100000| Untracked 
| 198|0x0000000097200000, 0x0000000097200000, 0x0000000097300000|  0%| F|  |TAMS 0x0000000097200000, 0x0000000097200000| Untracked 
| 199|0x0000000097300000, 0x0000000097300000, 0x0000000097400000|  0%| F|  |TAMS 0x0000000097300000, 0x0000000097300000| Untracked 
| 200|0x0000000097400000, 0x0000000097400000, 0x0000000097500000|  0%| F|  |TAMS 0x0000000097400000, 0x0000000097400000| Untracked 
| 201|0x0000000097500000, 0x0000000097500000, 0x0000000097600000|  0%| F|  |TAMS 0x0000000097500000, 0x0000000097500000| Untracked 
| 202|0x0000000097600000, 0x0000000097600000, 0x0000000097700000|  0%| F|  |TAMS 0x0000000097600000, 0x0000000097600000| Untracked 
| 203|0x0000000097700000, 0x0000000097700000, 0x0000000097800000|  0%| F|  |TAMS 0x0000000097700000, 0x0000000097700000| Untracked 
| 204|0x0000000097800000, 0x0000000097800000, 0x0000000097900000|  0%| F|  |TAMS 0x0000000097800000, 0x0000000097800000| Untracked 
| 205|0x0000000097900000, 0x0000000097900000, 0x0000000097a00000|  0%| F|  |TAMS 0x0000000097900000, 0x0000000097900000| Untracked 
| 206|0x0000000097a00000, 0x0000000097a00000, 0x0000000097b00000|  0%| F|  |TAMS 0x0000000097a00000, 0x0000000097a00000| Untracked 
| 207|0x0000000097b00000, 0x0000000097b00000, 0x0000000097c00000|  0%| F|  |TAMS 0x0000000097b00000, 0x0000000097b00000| Untracked 
| 208|0x0000000097c00000, 0x0000000097c00000, 0x0000000097d00000|  0%| F|  |TAMS 0x0000000097c00000, 0x0000000097c00000| Untracked 
| 209|0x0000000097d00000, 0x0000000097d00000, 0x0000000097e00000|  0%| F|  |TAMS 0x0000000097d00000, 0x0000000097d00000| Untracked 
| 210|0x0000000097e00000, 0x0000000097e00000, 0x0000000097f00000|  0%| F|  |TAMS 0x0000000097e00000, 0x0000000097e00000| Untracked 
| 211|0x0000000097f00000, 0x0000000097f00000, 0x0000000098000000|  0%| F|  |TAMS 0x0000000097f00000, 0x0000000097f00000| Untracked 
| 212|0x0000000098000000, 0x0000000098000000, 0x0000000098100000|  0%| F|  |TAMS 0x0000000098000000, 0x0000000098000000| Untracked 
| 213|0x0000000098100000, 0x0000000098100000, 0x0000000098200000|  0%| F|  |TAMS 0x0000000098100000, 0x0000000098100000| Untracked 
| 214|0x0000000098200000, 0x0000000098200000, 0x0000000098300000|  0%| F|  |TAMS 0x0000000098200000, 0x0000000098200000| Untracked 
| 215|0x0000000098300000, 0x0000000098300000, 0x0000000098400000|  0%| F|  |TAMS 0x0000000098300000, 0x0000000098300000| Untracked 
| 216|0x0000000098400000, 0x0000000098400000, 0x0000000098500000|  0%| F|  |TAMS 0x0000000098400000, 0x0000000098400000| Untracked 
| 217|0x0000000098500000, 0x0000000098500000, 0x0000000098600000|  0%| F|  |TAMS 0x0000000098500000, 0x0000000098500000| Untracked 
| 218|0x0000000098600000, 0x0000000098700000, 0x0000000098700000|100%| S|CS|TAMS 0x0000000098600000, 0x0000000098600000| Complete 
| 219|0x0000000098700000, 0x0000000098800000, 0x0000000098800000|100%| S|CS|TAMS 0x0000000098700000, 0x0000000098700000| Complete 
| 220|0x0000000098800000, 0x0000000098900000, 0x0000000098900000|100%| S|CS|TAMS 0x0000000098800000, 0x0000000098800000| Complete 
| 221|0x0000000098900000, 0x0000000098a00000, 0x0000000098a00000|100%| S|CS|TAMS 0x0000000098900000, 0x0000000098900000| Complete 
| 222|0x0000000098a00000, 0x0000000098b00000, 0x0000000098b00000|100%| S|CS|TAMS 0x0000000098a00000, 0x0000000098a00000| Complete 
| 223|0x0000000098b00000, 0x0000000098c00000, 0x0000000098c00000|100%| S|CS|TAMS 0x0000000098b00000, 0x0000000098b00000| Complete 
| 224|0x0000000098c00000, 0x0000000098d00000, 0x0000000098d00000|100%| S|CS|TAMS 0x0000000098c00000, 0x0000000098c00000| Complete 
| 225|0x0000000098d00000, 0x0000000098e00000, 0x0000000098e00000|100%| S|CS|TAMS 0x0000000098d00000, 0x0000000098d00000| Complete 
| 226|0x0000000098e00000, 0x0000000098f00000, 0x0000000098f00000|100%| S|CS|TAMS 0x0000000098e00000, 0x0000000098e00000| Complete 
| 227|0x0000000098f00000, 0x0000000099000000, 0x0000000099000000|100%| S|CS|TAMS 0x0000000098f00000, 0x0000000098f00000| Complete 
| 228|0x0000000099000000, 0x0000000099100000, 0x0000000099100000|100%| S|CS|TAMS 0x0000000099000000, 0x0000000099000000| Complete 
| 229|0x0000000099100000, 0x0000000099200000, 0x0000000099200000|100%| S|CS|TAMS 0x0000000099100000, 0x0000000099100000| Complete 
| 230|0x0000000099200000, 0x0000000099200000, 0x0000000099300000|  0%| F|  |TAMS 0x0000000099200000, 0x0000000099200000| Untracked 
| 231|0x0000000099300000, 0x0000000099300000, 0x0000000099400000|  0%| F|  |TAMS 0x0000000099300000, 0x0000000099300000| Untracked 
| 232|0x0000000099400000, 0x0000000099400000, 0x0000000099500000|  0%| F|  |TAMS 0x0000000099400000, 0x0000000099400000| Untracked 
| 233|0x0000000099500000, 0x0000000099500000, 0x0000000099600000|  0%| F|  |TAMS 0x0000000099500000, 0x0000000099500000| Untracked 
| 234|0x0000000099600000, 0x0000000099600000, 0x0000000099700000|  0%| F|  |TAMS 0x0000000099600000, 0x0000000099600000| Untracked 
| 235|0x0000000099700000, 0x0000000099700000, 0x0000000099800000|  0%| F|  |TAMS 0x0000000099700000, 0x0000000099700000| Untracked 
| 236|0x0000000099800000, 0x0000000099800000, 0x0000000099900000|  0%| F|  |TAMS 0x0000000099800000, 0x0000000099800000| Untracked 
| 237|0x0000000099900000, 0x0000000099900000, 0x0000000099a00000|  0%| F|  |TAMS 0x0000000099900000, 0x0000000099900000| Untracked 
| 238|0x0000000099a00000, 0x0000000099a00000, 0x0000000099b00000|  0%| F|  |TAMS 0x0000000099a00000, 0x0000000099a00000| Untracked 
| 239|0x0000000099b00000, 0x0000000099b00000, 0x0000000099c00000|  0%| F|  |TAMS 0x0000000099b00000, 0x0000000099b00000| Untracked 
| 240|0x0000000099c00000, 0x0000000099c00000, 0x0000000099d00000|  0%| F|  |TAMS 0x0000000099c00000, 0x0000000099c00000| Untracked 
| 241|0x0000000099d00000, 0x0000000099d00000, 0x0000000099e00000|  0%| F|  |TAMS 0x0000000099d00000, 0x0000000099d00000| Untracked 
| 242|0x0000000099e00000, 0x0000000099e00000, 0x0000000099f00000|  0%| F|  |TAMS 0x0000000099e00000, 0x0000000099e00000| Untracked 
| 243|0x0000000099f00000, 0x0000000099f00000, 0x000000009a000000|  0%| F|  |TAMS 0x0000000099f00000, 0x0000000099f00000| Untracked 
| 244|0x000000009a000000, 0x000000009a000000, 0x000000009a100000|  0%| F|  |TAMS 0x000000009a000000, 0x000000009a000000| Untracked 
| 245|0x000000009a100000, 0x000000009a100000, 0x000000009a200000|  0%| F|  |TAMS 0x000000009a100000, 0x000000009a100000| Untracked 
| 246|0x000000009a200000, 0x000000009a200000, 0x000000009a300000|  0%| F|  |TAMS 0x000000009a200000, 0x000000009a200000| Untracked 
| 247|0x000000009a300000, 0x000000009a300000, 0x000000009a400000|  0%| F|  |TAMS 0x000000009a300000, 0x000000009a300000| Untracked 
| 248|0x000000009a400000, 0x000000009a400000, 0x000000009a500000|  0%| F|  |TAMS 0x000000009a400000, 0x000000009a400000| Untracked 
| 249|0x000000009a500000, 0x000000009a500000, 0x000000009a600000|  0%| F|  |TAMS 0x000000009a500000, 0x000000009a500000| Untracked 
| 250|0x000000009a600000, 0x000000009a600000, 0x000000009a700000|  0%| F|  |TAMS 0x000000009a600000, 0x000000009a600000| Untracked 
| 251|0x000000009a700000, 0x000000009a700000, 0x000000009a800000|  0%| F|  |TAMS 0x000000009a700000, 0x000000009a700000| Untracked 
| 252|0x000000009a800000, 0x000000009a800000, 0x000000009a900000|  0%| F|  |TAMS 0x000000009a800000, 0x000000009a800000| Untracked 
| 253|0x000000009a900000, 0x000000009a900000, 0x000000009aa00000|  0%| F|  |TAMS 0x000000009a900000, 0x000000009a900000| Untracked 
| 254|0x000000009aa00000, 0x000000009aa00000, 0x000000009ab00000|  0%| F|  |TAMS 0x000000009aa00000, 0x000000009aa00000| Untracked 
| 255|0x000000009ab00000, 0x000000009ab00000, 0x000000009ac00000|  0%| F|  |TAMS 0x000000009ab00000, 0x000000009ab00000| Untracked 
| 256|0x000000009ac00000, 0x000000009ac00000, 0x000000009ad00000|  0%| F|  |TAMS 0x000000009ac00000, 0x000000009ac00000| Untracked 
| 257|0x000000009ad00000, 0x000000009ad00000, 0x000000009ae00000|  0%| F|  |TAMS 0x000000009ad00000, 0x000000009ad00000| Untracked 
| 258|0x000000009ae00000, 0x000000009ae00000, 0x000000009af00000|  0%| F|  |TAMS 0x000000009ae00000, 0x000000009ae00000| Untracked 
| 259|0x000000009af00000, 0x000000009af00000, 0x000000009b000000|  0%| F|  |TAMS 0x000000009af00000, 0x000000009af00000| Untracked 
| 260|0x000000009b000000, 0x000000009b000000, 0x000000009b100000|  0%| F|  |TAMS 0x000000009b000000, 0x000000009b000000| Untracked 
| 261|0x000000009b100000, 0x000000009b100000, 0x000000009b200000|  0%| F|  |TAMS 0x000000009b100000, 0x000000009b100000| Untracked 
| 262|0x000000009b200000, 0x000000009b200000, 0x000000009b300000|  0%| F|  |TAMS 0x000000009b200000, 0x000000009b200000| Untracked 
| 263|0x000000009b300000, 0x000000009b300000, 0x000000009b400000|  0%| F|  |TAMS 0x000000009b300000, 0x000000009b300000| Untracked 
| 264|0x000000009b400000, 0x000000009b400000, 0x000000009b500000|  0%| F|  |TAMS 0x000000009b400000, 0x000000009b400000| Untracked 
| 265|0x000000009b500000, 0x000000009b500000, 0x000000009b600000|  0%| F|  |TAMS 0x000000009b500000, 0x000000009b500000| Untracked 
| 266|0x000000009b600000, 0x000000009b600000, 0x000000009b700000|  0%| F|  |TAMS 0x000000009b600000, 0x000000009b600000| Untracked 
| 267|0x000000009b700000, 0x000000009b700000, 0x000000009b800000|  0%| F|  |TAMS 0x000000009b700000, 0x000000009b700000| Untracked 
| 268|0x000000009b800000, 0x000000009b800000, 0x000000009b900000|  0%| F|  |TAMS 0x000000009b800000, 0x000000009b800000| Untracked 
| 269|0x000000009b900000, 0x000000009b900000, 0x000000009ba00000|  0%| F|  |TAMS 0x000000009b900000, 0x000000009b900000| Untracked 
| 270|0x000000009ba00000, 0x000000009ba00000, 0x000000009bb00000|  0%| F|  |TAMS 0x000000009ba00000, 0x000000009ba00000| Untracked 
| 271|0x000000009bb00000, 0x000000009bb00000, 0x000000009bc00000|  0%| F|  |TAMS 0x000000009bb00000, 0x000000009bb00000| Untracked 
| 272|0x000000009bc00000, 0x000000009bc00000, 0x000000009bd00000|  0%| F|  |TAMS 0x000000009bc00000, 0x000000009bc00000| Untracked 
| 273|0x000000009bd00000, 0x000000009bd00000, 0x000000009be00000|  0%| F|  |TAMS 0x000000009bd00000, 0x000000009bd00000| Untracked 
| 274|0x000000009be00000, 0x000000009be00000, 0x000000009bf00000|  0%| F|  |TAMS 0x000000009be00000, 0x000000009be00000| Untracked 
| 275|0x000000009bf00000, 0x000000009bf00000, 0x000000009c000000|  0%| F|  |TAMS 0x000000009bf00000, 0x000000009bf00000| Untracked 
| 276|0x000000009c000000, 0x000000009c000000, 0x000000009c100000|  0%| F|  |TAMS 0x000000009c000000, 0x000000009c000000| Untracked 
| 277|0x000000009c100000, 0x000000009c100000, 0x000000009c200000|  0%| F|  |TAMS 0x000000009c100000, 0x000000009c100000| Untracked 
| 278|0x000000009c200000, 0x000000009c200000, 0x000000009c300000|  0%| F|  |TAMS 0x000000009c200000, 0x000000009c200000| Untracked 
| 279|0x000000009c300000, 0x000000009c300000, 0x000000009c400000|  0%| F|  |TAMS 0x000000009c300000, 0x000000009c300000| Untracked 
| 280|0x000000009c400000, 0x000000009c400000, 0x000000009c500000|  0%| F|  |TAMS 0x000000009c400000, 0x000000009c400000| Untracked 
| 281|0x000000009c500000, 0x000000009c500000, 0x000000009c600000|  0%| F|  |TAMS 0x000000009c500000, 0x000000009c500000| Untracked 
| 282|0x000000009c600000, 0x000000009c600000, 0x000000009c700000|  0%| F|  |TAMS 0x000000009c600000, 0x000000009c600000| Untracked 
| 283|0x000000009c700000, 0x000000009c700000, 0x000000009c800000|  0%| F|  |TAMS 0x000000009c700000, 0x000000009c700000| Untracked 
| 284|0x000000009c800000, 0x000000009c800000, 0x000000009c900000|  0%| F|  |TAMS 0x000000009c800000, 0x000000009c800000| Untracked 
| 285|0x000000009c900000, 0x000000009c900000, 0x000000009ca00000|  0%| F|  |TAMS 0x000000009c900000, 0x000000009c900000| Untracked 
| 286|0x000000009ca00000, 0x000000009ca00000, 0x000000009cb00000|  0%| F|  |TAMS 0x000000009ca00000, 0x000000009ca00000| Untracked 
| 287|0x000000009cb00000, 0x000000009cb00000, 0x000000009cc00000|  0%| F|  |TAMS 0x000000009cb00000, 0x000000009cb00000| Untracked 
| 288|0x000000009cc00000, 0x000000009cc00000, 0x000000009cd00000|  0%| F|  |TAMS 0x000000009cc00000, 0x000000009cc00000| Untracked 
| 289|0x000000009cd00000, 0x000000009cd00000, 0x000000009ce00000|  0%| F|  |TAMS 0x000000009cd00000, 0x000000009cd00000| Untracked 
| 290|0x000000009ce00000, 0x000000009ce00000, 0x000000009cf00000|  0%| F|  |TAMS 0x000000009ce00000, 0x000000009ce00000| Untracked 
| 291|0x000000009cf00000, 0x000000009cf00000, 0x000000009d000000|  0%| F|  |TAMS 0x000000009cf00000, 0x000000009cf00000| Untracked 
| 292|0x000000009d000000, 0x000000009d000000, 0x000000009d100000|  0%| F|  |TAMS 0x000000009d000000, 0x000000009d000000| Untracked 
| 293|0x000000009d100000, 0x000000009d100000, 0x000000009d200000|  0%| F|  |TAMS 0x000000009d100000, 0x000000009d100000| Untracked 
| 294|0x000000009d200000, 0x000000009d200000, 0x000000009d300000|  0%| F|  |TAMS 0x000000009d200000, 0x000000009d200000| Untracked 
| 295|0x000000009d300000, 0x000000009d300000, 0x000000009d400000|  0%| F|  |TAMS 0x000000009d300000, 0x000000009d300000| Untracked 
| 296|0x000000009d400000, 0x000000009d400000, 0x000000009d500000|  0%| F|  |TAMS 0x000000009d400000, 0x000000009d400000| Untracked 
| 297|0x000000009d500000, 0x000000009d500000, 0x000000009d600000|  0%| F|  |TAMS 0x000000009d500000, 0x000000009d500000| Untracked 
| 298|0x000000009d600000, 0x000000009d600000, 0x000000009d700000|  0%| F|  |TAMS 0x000000009d600000, 0x000000009d600000| Untracked 
| 299|0x000000009d700000, 0x000000009d700000, 0x000000009d800000|  0%| F|  |TAMS 0x000000009d700000, 0x000000009d700000| Untracked 
| 300|0x000000009d800000, 0x000000009d800000, 0x000000009d900000|  0%| F|  |TAMS 0x000000009d800000, 0x000000009d800000| Untracked 
| 301|0x000000009d900000, 0x000000009d900000, 0x000000009da00000|  0%| F|  |TAMS 0x000000009d900000, 0x000000009d900000| Untracked 
| 302|0x000000009da00000, 0x000000009da00000, 0x000000009db00000|  0%| F|  |TAMS 0x000000009da00000, 0x000000009da00000| Untracked 
| 303|0x000000009db00000, 0x000000009db00000, 0x000000009dc00000|  0%| F|  |TAMS 0x000000009db00000, 0x000000009db00000| Untracked 
| 304|0x000000009dc00000, 0x000000009dc00000, 0x000000009dd00000|  0%| F|  |TAMS 0x000000009dc00000, 0x000000009dc00000| Untracked 
| 305|0x000000009dd00000, 0x000000009dd00000, 0x000000009de00000|  0%| F|  |TAMS 0x000000009dd00000, 0x000000009dd00000| Untracked 
| 306|0x000000009de00000, 0x000000009de00000, 0x000000009df00000|  0%| F|  |TAMS 0x000000009de00000, 0x000000009de00000| Untracked 
| 307|0x000000009df00000, 0x000000009df00000, 0x000000009e000000|  0%| F|  |TAMS 0x000000009df00000, 0x000000009df00000| Untracked 
| 308|0x000000009e000000, 0x000000009e000000, 0x000000009e100000|  0%| F|  |TAMS 0x000000009e000000, 0x000000009e000000| Untracked 

Card table byte_map: [0x0000019f50cd0000,0x0000019f51080000] _byte_map_base: 0x0000019f5087a000

Marking Bits (Prev, Next): (CMBitMap*) 0x0000019f497a2460, (CMBitMap*) 0x0000019f497a24a0
 Prev Bits: [0x0000019f51430000, 0x0000019f53180000)
 Next Bits: [0x0000019f53180000, 0x0000019f54ed0000)

Polling page: 0x0000019f47eb0000

Metaspace:

Usage:
  Non-class:     67.34 MB used.
      Class:     11.06 MB used.
       Both:     78.40 MB used.

Virtual space:
  Non-class space:      128.00 MB reserved,      67.69 MB ( 53%) committed,  2 nodes.
      Class space:        1.00 GB reserved,      11.31 MB (  1%) committed,  1 nodes.
             Both:        1.12 GB reserved,      79.00 MB (  7%) committed. 

Chunk freelists:
   Non-Class:  12.14 MB
       Class:  4.63 MB
        Both:  16.77 MB

MaxMetaspaceSize: unlimited
CompressedClassSpaceSize: 1.00 GB
Initial GC threshold: 21.00 MB
Current GC threshold: 131.69 MB
CDS: off
MetaspaceReclaimPolicy: balanced
 - commit_granule_bytes: 65536.
 - commit_granule_words: 8192.
 - virtual_space_node_default_size: 8388608.
 - enlarge_chunks_in_place: 1.
 - new_chunks_are_fully_committed: 0.
 - uncommit_free_chunks: 1.
 - use_allocation_guard: 0.
 - handle_deallocations: 1.


Internal statistics:

num_allocs_failed_limit: 9.
num_arena_births: 918.
num_arena_deaths: 0.
num_vsnodes_births: 3.
num_vsnodes_deaths: 0.
num_space_committed: 1264.
num_space_uncommitted: 0.
num_chunks_returned_to_freelist: 9.
num_chunks_taken_from_freelist: 3475.
num_chunk_merges: 9.
num_chunk_splits: 2509.
num_chunks_enlarged: 1941.
num_inconsistent_stats: 0.

CodeCache: size=49152Kb used=13900Kb max_used=13900Kb free=35251Kb
 bounds [0x0000019f4ce10000, 0x0000019f4dbb0000, 0x0000019f4fe10000]
 total_blobs=7907 nmethods=7193 adapters=637
 compilation: enabled
              stopped_count=0, restarted_count=0
 full_count=0

Compilation events (20 events):
Event: 7.845 Thread 0x0000019f57de5360 7184       1       org.antlr.v4.runtime.atn.PredictionMode::allConfigsInRuleStopStates (41 bytes)
Event: 7.845 Thread 0x0000019f57de5360 nmethod 7184 0x0000019f4db9f710 code [0x0000019f4db9f8c0, 0x0000019f4db9fb48]
Event: 7.863 Thread 0x0000019f57c29f10 7185       1       org.antlr.v4.runtime.atn.PredictionMode::hasSLLConflictTerminatingPrediction (109 bytes)
Event: 7.864 Thread 0x0000019f57c29f10 nmethod 7185 0x0000019f4db9fd10 code [0x0000019f4db9ff20, 0x0000019f4dba03b8]
Event: 7.886 Thread 0x0000019f5d311890 7186       1       sun.nio.ch.IOStatus::okayToRetry (22 bytes)
Event: 7.887 Thread 0x0000019f5d311890 nmethod 7186 0x0000019f4dba0710 code [0x0000019f4dba08a0, 0x0000019f4dba0978]
Event: 7.910 Thread 0x0000019f5d311890 7187       1       java.util.ArrayList::equals (62 bytes)
Event: 7.910 Thread 0x0000019f5d311890 nmethod 7187 0x0000019f4dba0a10 code [0x0000019f4dba0be0, 0x0000019f4dba0f08]
Event: 8.041 Thread 0x0000019f57de4650 7188       1       org.antlr.v4.runtime.ParserRuleContext::<init> (5 bytes)
Event: 8.041 Thread 0x0000019f5d311890 7189       1       org.antlr.v4.runtime.RuleContext::<init> (10 bytes)
Event: 8.041 Thread 0x0000019f57c29f10 7190       1       org.antlr.v4.runtime.ParserRuleContext::copyFrom (99 bytes)
Event: 8.041 Thread 0x0000019f57de4650 nmethod 7188 0x0000019f4dba1090 code [0x0000019f4dba1220, 0x0000019f4dba12f8]
Event: 8.042 Thread 0x0000019f5d311890 nmethod 7189 0x0000019f4dba1390 code [0x0000019f4dba1520, 0x0000019f4dba15f8]
Event: 8.042 Thread 0x0000019f57c29f10 nmethod 7190 0x0000019f4dba1690 code [0x0000019f4dba18a0, 0x0000019f4dba1fd8]
Event: 8.208 Thread 0x0000019f5d311890 7191       1       org.antlr.v4.runtime.dfa.DFAState::equals (35 bytes)
Event: 8.208 Thread 0x0000019f57de5360 7192       1       org.antlr.v4.runtime.atn.ATNConfigSet::equals (105 bytes)
Event: 8.208 Thread 0x0000019f5d311890 nmethod 7191 0x0000019f4dba2290 code [0x0000019f4dba2440, 0x0000019f4dba2608]
Event: 8.208 Thread 0x0000019f57de5360 nmethod 7192 0x0000019f4dba2710 code [0x0000019f4dba28c0, 0x0000019f4dba2b28]
Event: 8.344 Thread 0x0000019f57de4650 7193       1       org.antlr.v4.runtime.misc.IntegerList::get (27 bytes)
Event: 8.345 Thread 0x0000019f57de4650 nmethod 7193 0x0000019f4dba2c10 code [0x0000019f4dba2dc0, 0x0000019f4dba2f48]

GC Heap History (20 events):
Event: 7.366 GC heap after
{Heap after GC invocations=26 (full 0):
 garbage-first heap   total 71680K, used 35098K [0x000000008ac00000, 0x0000000100000000)
  region size 1024K, 3 young (3072K), 3 survivors (3072K)
 Metaspace       used 80067K, committed 80704K, reserved 1179648K
  class space    used 11290K, committed 11584K, reserved 1048576K
}
Event: 7.441 GC heap before
{Heap before GC invocations=26 (full 0):
 garbage-first heap   total 71680K, used 57626K [0x000000008ac00000, 0x0000000100000000)
  region size 1024K, 25 young (25600K), 3 survivors (3072K)
 Metaspace       used 80253K, committed 80896K, reserved 1179648K
  class space    used 11318K, committed 11584K, reserved 1048576K
}
Event: 7.444 GC heap after
{Heap after GC invocations=27 (full 0):
 garbage-first heap   total 71680K, used 35668K [0x000000008ac00000, 0x0000000100000000)
  region size 1024K, 2 young (2048K), 2 survivors (2048K)
 Metaspace       used 80253K, committed 80896K, reserved 1179648K
  class space    used 11318K, committed 11584K, reserved 1048576K
}
Event: 7.500 GC heap before
{Heap before GC invocations=28 (full 0):
 garbage-first heap   total 76800K, used 59220K [0x000000008ac00000, 0x0000000100000000)
  region size 1024K, 25 young (25600K), 2 survivors (2048K)
 Metaspace       used 80255K, committed 80896K, reserved 1179648K
  class space    used 11318K, committed 11584K, reserved 1048576K
}
Event: 7.505 GC heap after
{Heap after GC invocations=29 (full 0):
 garbage-first heap   total 92160K, used 38692K [0x000000008ac00000, 0x0000000100000000)
  region size 1024K, 4 young (4096K), 4 survivors (4096K)
 Metaspace       used 80255K, committed 80896K, reserved 1179648K
  class space    used 11318K, committed 11584K, reserved 1048576K
}
Event: 7.508 GC heap before
{Heap before GC invocations=29 (full 0):
 garbage-first heap   total 92160K, used 39716K [0x000000008ac00000, 0x0000000100000000)
  region size 1024K, 5 young (5120K), 4 survivors (4096K)
 Metaspace       used 80255K, committed 80896K, reserved 1179648K
  class space    used 11318K, committed 11584K, reserved 1048576K
}
Event: 7.513 GC heap after
{Heap after GC invocations=30 (full 0):
 garbage-first heap   total 92160K, used 39395K [0x000000008ac00000, 0x0000000100000000)
  region size 1024K, 1 young (1024K), 1 survivors (1024K)
 Metaspace       used 80255K, committed 80896K, reserved 1179648K
  class space    used 11318K, committed 11584K, reserved 1048576K
}
Event: 7.587 GC heap before
{Heap before GC invocations=30 (full 0):
 garbage-first heap   total 92160K, used 74211K [0x000000008ac00000, 0x0000000100000000)
  region size 1024K, 35 young (35840K), 1 survivors (1024K)
 Metaspace       used 80275K, committed 80896K, reserved 1179648K
  class space    used 11328K, committed 11584K, reserved 1048576K
}
Event: 7.595 GC heap after
{Heap after GC invocations=31 (full 0):
 garbage-first heap   total 92160K, used 48809K [0x000000008ac00000, 0x0000000100000000)
  region size 1024K, 5 young (5120K), 5 survivors (5120K)
 Metaspace       used 80275K, committed 80896K, reserved 1179648K
  class space    used 11328K, committed 11584K, reserved 1048576K
}
Event: 7.639 GC heap before
{Heap before GC invocations=31 (full 0):
 garbage-first heap   total 92160K, used 72361K [0x000000008ac00000, 0x0000000100000000)
  region size 1024K, 28 young (28672K), 5 survivors (5120K)
 Metaspace       used 80276K, committed 80896K, reserved 1179648K
  class space    used 11328K, committed 11584K, reserved 1048576K
}
Event: 7.650 GC heap after
{Heap after GC invocations=32 (full 0):
 garbage-first heap   total 92160K, used 57239K [0x000000008ac00000, 0x0000000100000000)
  region size 1024K, 4 young (4096K), 4 survivors (4096K)
 Metaspace       used 80276K, committed 80896K, reserved 1179648K
  class space    used 11328K, committed 11584K, reserved 1048576K
}
Event: 7.687 GC heap before
{Heap before GC invocations=32 (full 0):
 garbage-first heap   total 112640K, used 70551K [0x000000008ac00000, 0x0000000100000000)
  region size 1024K, 17 young (17408K), 4 survivors (4096K)
 Metaspace       used 80276K, committed 80896K, reserved 1179648K
  class space    used 11328K, committed 11584K, reserved 1048576K
}
Event: 7.696 GC heap after
{Heap after GC invocations=33 (full 0):
 garbage-first heap   total 316416K, used 62775K [0x000000008ac00000, 0x0000000100000000)
  region size 1024K, 3 young (3072K), 3 survivors (3072K)
 Metaspace       used 80276K, committed 80896K, reserved 1179648K
  class space    used 11328K, committed 11584K, reserved 1048576K
}
Event: 7.914 GC heap before
{Heap before GC invocations=34 (full 0):
 garbage-first heap   total 316416K, used 158007K [0x000000008ac00000, 0x0000000100000000)
  region size 1024K, 94 young (96256K), 3 survivors (3072K)
 Metaspace       used 80280K, committed 80896K, reserved 1179648K
  class space    used 11328K, committed 11584K, reserved 1048576K
}
Event: 7.941 GC heap after
{Heap after GC invocations=35 (full 0):
 garbage-first heap   total 316416K, used 89992K [0x000000008ac00000, 0x0000000100000000)
  region size 1024K, 12 young (12288K), 12 survivors (12288K)
 Metaspace       used 80280K, committed 80896K, reserved 1179648K
  class space    used 11328K, committed 11584K, reserved 1048576K
}
Event: 7.952 GC heap before
{Heap before GC invocations=35 (full 0):
 garbage-first heap   total 316416K, used 93064K [0x000000008ac00000, 0x0000000100000000)
  region size 1024K, 15 young (15360K), 12 survivors (12288K)
 Metaspace       used 80280K, committed 80896K, reserved 1179648K
  class space    used 11328K, committed 11584K, reserved 1048576K
}
Event: 7.966 GC heap after
{Heap after GC invocations=36 (full 0):
 garbage-first heap   total 316416K, used 92941K [0x000000008ac00000, 0x0000000100000000)
  region size 1024K, 2 young (2048K), 2 survivors (2048K)
 Metaspace       used 80280K, committed 80896K, reserved 1179648K
  class space    used 11328K, committed 11584K, reserved 1048576K
}
Event: 8.167 GC heap before
{Heap before GC invocations=36 (full 0):
 garbage-first heap   total 316416K, used 192269K [0x000000008ac00000, 0x0000000100000000)
  region size 1024K, 98 young (100352K), 2 survivors (2048K)
 Metaspace       used 80281K, committed 80896K, reserved 1179648K
  class space    used 11328K, committed 11584K, reserved 1048576K
}
Event: 8.201 GC heap after
{Heap after GC invocations=37 (full 0):
 garbage-first heap   total 316416K, used 132356K [0x000000008ac00000, 0x0000000100000000)
  region size 1024K, 13 young (13312K), 13 survivors (13312K)
 Metaspace       used 80281K, committed 80896K, reserved 1179648K
  class space    used 11328K, committed 11584K, reserved 1048576K
}
Event: 8.382 GC heap before
{Heap before GC invocations=37 (full 0):
 garbage-first heap   total 316416K, used 215300K [0x000000008ac00000, 0x0000000100000000)
  region size 1024K, 92 young (94208K), 13 survivors (13312K)
 Metaspace       used 80284K, committed 80896K, reserved 1179648K
  class space    used 11328K, committed 11584K, reserved 1048576K
}

Dll operation events (9 events):
Event: 0.013 Loaded shared library C:\Program Files\SprintBoot\sts-4.18.1.RELEASE\plugins\org.eclipse.justj.openjdk.hotspot.jre.full.win32.x86_64_17.0.7.v20230425-1502\jre\bin\java.dll
Event: 0.182 Loaded shared library C:\Program Files\SprintBoot\sts-4.18.1.RELEASE\plugins\org.eclipse.justj.openjdk.hotspot.jre.full.win32.x86_64_17.0.7.v20230425-1502\jre\bin\jimage.dll
Event: 0.199 Loaded shared library C:\Program Files\SprintBoot\sts-4.18.1.RELEASE\plugins\org.eclipse.justj.openjdk.hotspot.jre.full.win32.x86_64_17.0.7.v20230425-1502\jre\bin\net.dll
Event: 0.202 Loaded shared library C:\Program Files\SprintBoot\sts-4.18.1.RELEASE\plugins\org.eclipse.justj.openjdk.hotspot.jre.full.win32.x86_64_17.0.7.v20230425-1502\jre\bin\nio.dll
Event: 0.209 Loaded shared library C:\Program Files\SprintBoot\sts-4.18.1.RELEASE\plugins\org.eclipse.justj.openjdk.hotspot.jre.full.win32.x86_64_17.0.7.v20230425-1502\jre\bin\zip.dll
Event: 0.283 Loaded shared library C:\Program Files\SprintBoot\sts-4.18.1.RELEASE\plugins\org.eclipse.justj.openjdk.hotspot.jre.full.win32.x86_64_17.0.7.v20230425-1502\jre\bin\management.dll
Event: 0.301 Loaded shared library C:\Program Files\SprintBoot\sts-4.18.1.RELEASE\plugins\org.eclipse.justj.openjdk.hotspot.jre.full.win32.x86_64_17.0.7.v20230425-1502\jre\bin\management_ext.dll
Event: 2.127 Loaded shared library C:\Program Files\SprintBoot\sts-4.18.1.RELEASE\plugins\org.eclipse.justj.openjdk.hotspot.jre.full.win32.x86_64_17.0.7.v20230425-1502\jre\bin\sunmscapi.dll
Event: 4.138 Loaded shared library C:\Program Files\SprintBoot\sts-4.18.1.RELEASE\plugins\org.eclipse.justj.openjdk.hotspot.jre.full.win32.x86_64_17.0.7.v20230425-1502\jre\bin\verify.dll

Deoptimization events (4 events):
Event: 1.652 Thread 0x0000019f5d028870 DEOPT PACKING pc=0x0000019f4d343a19 sp=0x00000011fc2fcc70
Event: 1.652 Thread 0x0000019f5d028870 DEOPT UNPACKING pc=0x0000019f4ce67143 sp=0x00000011fc2fc150 mode 3
Event: 1.825 Thread 0x0000019f5d028870 DEOPT PACKING pc=0x0000019f4d4275d5 sp=0x00000011fc2fd170
Event: 1.825 Thread 0x0000019f5d028870 DEOPT UNPACKING pc=0x0000019f4ce67143 sp=0x00000011fc2fc618 mode 3

Classes unloaded (0 events):
No events

Classes redefined (0 events):
No events

Internal exceptions (20 events):
Event: 6.199 Thread 0x0000019f5d028870 Exception <a 'java/lang/NoSuchMethodError'{0x000000008d3bd590}: 'java.lang.Object java.lang.invoke.Invokers$Holder.linkToTargetMethod(java.lang.Object, java.lang.Object, java.lang.Object, java.lang.Object, java.lang.Object, java.lang.Object, int, java.lang.Object)'> (0x000000008d3bd590) 
thrown [s\src\hotspot\share\interpreter\linkResolver.cpp, line 759]
Event: 6.255 Thread 0x0000019f5d028870 Exception <a 'java/lang/NoSuchMethodError'{0x0000000091c882b0}: 'void java.lang.invoke.DirectMethodHandle$Holder.invokeInterface(java.lang.Object, java.lang.Object)'> (0x0000000091c882b0) 
thrown [s\src\hotspot\share\interpreter\linkResolver.cpp, line 759]
Event: 6.379 Thread 0x0000019f5c7755c0 Exception <a 'java/lang/reflect/InvocationTargetException'{0x000000008dfc7128}> (0x000000008dfc7128) 
thrown [s\src\hotspot\share\runtime\reflection.cpp, line 1121]
Event: 6.570 Thread 0x0000019f5d028870 Exception <a 'java/lang/IncompatibleClassChangeError'{0x000000008d851878}: Found class java.lang.Object, but interface was expected> (0x000000008d851878) 
thrown [s\src\hotspot\share\interpreter\linkResolver.cpp, line 826]
Event: 6.609 Thread 0x0000019f5d028870 Exception <a 'java/lang/IncompatibleClassChangeError'{0x000000008d6041f0}: Found class java.lang.Object, but interface was expected> (0x000000008d6041f0) 
thrown [s\src\hotspot\share\interpreter\linkResolver.cpp, line 826]
Event: 6.759 Thread 0x0000019f5d028870 Exception <a 'java/lang/IncompatibleClassChangeError'{0x000000008ecaf888}: Found class java.lang.Object, but interface was expected> (0x000000008ecaf888) 
thrown [s\src\hotspot\share\interpreter\linkResolver.cpp, line 826]
Event: 6.813 Thread 0x0000019f5d028870 Exception <a 'java/lang/reflect/InvocationTargetException'{0x000000008e9298c0}> (0x000000008e9298c0) 
thrown [s\src\hotspot\share\runtime\reflection.cpp, line 1121]
Event: 6.882 Thread 0x0000019f5c7755c0 Exception <a 'java/lang/reflect/InvocationTargetException'{0x000000008e601bb0}> (0x000000008e601bb0) 
thrown [s\src\hotspot\share\runtime\reflection.cpp, line 1121]
Event: 7.304 Thread 0x0000019f5d028870 Exception <a 'java/lang/reflect/InvocationTargetException'{0x000000008df10cc8}> (0x000000008df10cc8) 
thrown [s\src\hotspot\share\runtime\reflection.cpp, line 1121]
Event: 7.311 Thread 0x0000019f5d028870 Exception <a 'java/lang/NoSuchMethodError'{0x000000008df6a210}: 'int java.lang.invoke.DirectMethodHandle$Holder.invokeStatic(java.lang.Object, java.lang.Object, int)'> (0x000000008df6a210) 
thrown [s\src\hotspot\share\interpreter\linkResolver.cpp, line 759]
Event: 7.319 Thread 0x0000019f5d028870 Exception <a 'java/lang/IncompatibleClassChangeError'{0x000000008dfb0780}: Found class java.lang.Object, but interface was expected> (0x000000008dfb0780) 
thrown [s\src\hotspot\share\interpreter\linkResolver.cpp, line 826]
Event: 7.319 Thread 0x0000019f5d028870 Exception <a 'java/lang/IncompatibleClassChangeError'{0x000000008dfb6fd0}: Found class java.lang.Object, but interface was expected> (0x000000008dfb6fd0) 
thrown [s\src\hotspot\share\interpreter\linkResolver.cpp, line 826]
Event: 7.345 Thread 0x0000019f5d028870 Exception <a 'java/lang/reflect/InvocationTargetException'{0x000000008dc14690}> (0x000000008dc14690) 
thrown [s\src\hotspot\share\runtime\reflection.cpp, line 1121]
Event: 7.360 Thread 0x0000019f5d028870 Exception <a 'java/lang/reflect/InvocationTargetException'{0x000000008db4f960}> (0x000000008db4f960) 
thrown [s\src\hotspot\share\runtime\reflection.cpp, line 1121]
Event: 7.384 Thread 0x0000019f5c7755c0 Exception <a 'java/lang/reflect/InvocationTargetException'{0x000000008eb72430}> (0x000000008eb72430) 
thrown [s\src\hotspot\share\runtime\reflection.cpp, line 1121]
Event: 7.400 Thread 0x0000019f5d028870 Exception <a 'java/lang/reflect/InvocationTargetException'{0x000000008e8d7d20}> (0x000000008e8d7d20) 
thrown [s\src\hotspot\share\runtime\reflection.cpp, line 1121]
Event: 7.407 Thread 0x0000019f5d028870 Exception <a 'java/lang/NoSuchMethodError'{0x000000008e7208b8}: 'java.lang.Object java.lang.invoke.DirectMethodHandle$Holder.invokeStatic(java.lang.Object, int, java.lang.Object)'> (0x000000008e7208b8) 
thrown [s\src\hotspot\share\interpreter\linkResolver.cpp, line 759]
Event: 7.419 Thread 0x0000019f5d028870 Exception <a 'java/lang/reflect/InvocationTargetException'{0x000000008e65a2d0}> (0x000000008e65a2d0) 
thrown [s\src\hotspot\share\runtime\reflection.cpp, line 1121]
Event: 7.555 Thread 0x0000019f5d028870 Exception <a 'java/lang/reflect/InvocationTargetException'{0x000000008f213f70}> (0x000000008f213f70) 
thrown [s\src\hotspot\share\runtime\reflection.cpp, line 1121]
Event: 7.887 Thread 0x0000019f5c7755c0 Exception <a 'java/lang/reflect/InvocationTargetException'{0x0000000098f82380}> (0x0000000098f82380) 
thrown [s\src\hotspot\share\runtime\reflection.cpp, line 1121]

VM Operations (20 events):
Event: 7.505 Executing VM operation: G1CollectForAllocation done
Event: 7.508 Executing VM operation: G1CollectForAllocation
Event: 7.513 Executing VM operation: G1CollectForAllocation done
Event: 7.587 Executing VM operation: G1CollectForAllocation
Event: 7.595 Executing VM operation: G1CollectForAllocation done
Event: 7.639 Executing VM operation: G1CollectForAllocation
Event: 7.650 Executing VM operation: G1CollectForAllocation done
Event: 7.673 Executing VM operation: G1Concurrent
Event: 7.677 Executing VM operation: G1Concurrent done
Event: 7.687 Executing VM operation: G1CollectForAllocation
Event: 7.696 Executing VM operation: G1CollectForAllocation done
Event: 7.698 Executing VM operation: G1Concurrent
Event: 7.698 Executing VM operation: G1Concurrent done
Event: 7.914 Executing VM operation: G1CollectForAllocation
Event: 7.941 Executing VM operation: G1CollectForAllocation done
Event: 7.952 Executing VM operation: G1CollectForAllocation
Event: 7.966 Executing VM operation: G1CollectForAllocation done
Event: 8.167 Executing VM operation: G1CollectForAllocation
Event: 8.201 Executing VM operation: G1CollectForAllocation done
Event: 8.382 Executing VM operation: G1CollectForAllocation

Events (20 events):
Event: 6.786 loading class java/util/stream/ReduceOps$CountingSink done
Event: 6.786 loading class java/util/stream/ReduceOps$CountingSink$OfRef done
Event: 6.827 loading class java/util/regex/Pattern$Bound
Event: 6.827 loading class java/util/regex/Pattern$Bound done
Event: 6.828 loading class java/util/regex/Pattern$Behind
Event: 6.828 loading class java/util/regex/Pattern$Behind done
Event: 6.828 loading class java/util/regex/Pattern$GroupCurly
Event: 6.828 loading class java/util/regex/Pattern$GroupCurly done
Event: 6.851 loading class java/util/EmptyStackException
Event: 6.851 loading class java/util/EmptyStackException done
Event: 6.967 loading class java/io/InvalidClassException
Event: 6.967 loading class java/io/InvalidClassException done
Event: 6.981 loading class java/util/ArrayList$ListItr
Event: 6.981 loading class java/util/ArrayList$ListItr done
Event: 7.308 loading class java/lang/Character$UnicodeBlock
Event: 7.309 loading class java/lang/Character$Subset
Event: 7.309 loading class java/lang/Character$Subset done
Event: 7.309 loading class java/lang/Character$UnicodeBlock done
Event: 7.557 loading class java/lang/invoke/MethodHandleImpl$CountingWrapper$1
Event: 7.557 loading class java/lang/invoke/MethodHandleImpl$CountingWrapper$1 done


Dynamic libraries:
0x00007ff7c5950000 - 0x00007ff7c595e000 	C:\Program Files\SprintBoot\sts-4.18.1.RELEASE\plugins\org.eclipse.justj.openjdk.hotspot.jre.full.win32.x86_64_17.0.7.v20230425-1502\jre\bin\javaw.exe
0x00007ffd6bb40000 - 0x00007ffd6bda3000 	C:\WINDOWS\SYSTEM32\ntdll.dll
0x00007ffd69da0000 - 0x00007ffd69e67000 	C:\WINDOWS\System32\KERNEL32.DLL
0x00007ffd693b0000 - 0x00007ffd69777000 	C:\WINDOWS\System32\KERNELBASE.dll
0x00007ffd68f90000 - 0x00007ffd690dc000 	C:\WINDOWS\System32\ucrtbase.dll
0x00007ffd4df20000 - 0x00007ffd4df39000 	C:\Program Files\SprintBoot\sts-4.18.1.RELEASE\plugins\org.eclipse.justj.openjdk.hotspot.jre.full.win32.x86_64_17.0.7.v20230425-1502\jre\bin\VCRUNTIME140.dll
0x00007ffd4e0c0000 - 0x00007ffd4e0d7000 	C:\Program Files\SprintBoot\sts-4.18.1.RELEASE\plugins\org.eclipse.justj.openjdk.hotspot.jre.full.win32.x86_64_17.0.7.v20230425-1502\jre\bin\jli.dll
0x00007ffd6ac10000 - 0x00007ffd6add9000 	C:\WINDOWS\System32\USER32.dll
0x00007ffd4a2a0000 - 0x00007ffd4a530000 	C:\WINDOWS\WinSxS\amd64_microsoft.windows.common-controls_6595b64144ccf1df_6.0.26100.3037_none_3e09262ce333c378\COMCTL32.dll
0x00007ffd69950000 - 0x00007ffd69977000 	C:\WINDOWS\System32\win32u.dll
0x00007ffd6ba50000 - 0x00007ffd6baf9000 	C:\WINDOWS\System32\msvcrt.dll
0x00007ffd6a5f0000 - 0x00007ffd6a61a000 	C:\WINDOWS\System32\GDI32.dll
0x00007ffd69820000 - 0x00007ffd6994b000 	C:\WINDOWS\System32\gdi32full.dll
0x00007ffd68ee0000 - 0x00007ffd68f83000 	C:\WINDOWS\System32\msvcp_win.dll
0x00007ffd69e70000 - 0x00007ffd69e9f000 	C:\WINDOWS\System32\IMM32.DLL
0x00007ffd561a0000 - 0x00007ffd561ac000 	C:\Program Files\SprintBoot\sts-4.18.1.RELEASE\plugins\org.eclipse.justj.openjdk.hotspot.jre.full.win32.x86_64_17.0.7.v20230425-1502\jre\bin\vcruntime140_1.dll
0x00007ffd356d0000 - 0x00007ffd35761000 	C:\Program Files\SprintBoot\sts-4.18.1.RELEASE\plugins\org.eclipse.justj.openjdk.hotspot.jre.full.win32.x86_64_17.0.7.v20230425-1502\jre\bin\msvcp140.dll
0x00007ffcb3100000 - 0x00007ffcb3d48000 	C:\Program Files\SprintBoot\sts-4.18.1.RELEASE\plugins\org.eclipse.justj.openjdk.hotspot.jre.full.win32.x86_64_17.0.7.v20230425-1502\jre\bin\server\jvm.dll
0x00007ffd6b680000 - 0x00007ffd6b734000 	C:\WINDOWS\System32\ADVAPI32.dll
0x00007ffd6b460000 - 0x00007ffd6b506000 	C:\WINDOWS\System32\sechost.dll
0x00007ffd6ade0000 - 0x00007ffd6aef6000 	C:\WINDOWS\System32\RPCRT4.dll
0x00007ffd61ad0000 - 0x00007ffd61b06000 	C:\WINDOWS\SYSTEM32\WINMM.dll
0x00007ffd53e20000 - 0x00007ffd53e2a000 	C:\WINDOWS\SYSTEM32\WSOCK32.dll
0x00007ffd61b10000 - 0x00007ffd61b1b000 	C:\WINDOWS\SYSTEM32\VERSION.dll
0x00007ffd6a630000 - 0x00007ffd6a6a4000 	C:\WINDOWS\System32\WS2_32.dll
0x00007ffd67d10000 - 0x00007ffd67d2a000 	C:\WINDOWS\SYSTEM32\kernel.appcore.dll
0x00007ffd63d20000 - 0x00007ffd63d2a000 	C:\Program Files\SprintBoot\sts-4.18.1.RELEASE\plugins\org.eclipse.justj.openjdk.hotspot.jre.full.win32.x86_64_17.0.7.v20230425-1502\jre\bin\jimage.dll
0x00007ffd5b620000 - 0x00007ffd5b861000 	C:\WINDOWS\SYSTEM32\DBGHELP.DLL
0x00007ffd69980000 - 0x00007ffd69cfe000 	C:\WINDOWS\System32\combase.dll
0x00007ffd6b7f0000 - 0x00007ffd6b8c6000 	C:\WINDOWS\System32\OLEAUT32.dll
0x00007ffd4bb20000 - 0x00007ffd4bb59000 	C:\WINDOWS\SYSTEM32\dbgcore.DLL
0x00007ffd69780000 - 0x00007ffd69819000 	C:\WINDOWS\System32\bcryptPrimitives.dll
0x00007ffd577b0000 - 0x00007ffd577d5000 	C:\Program Files\SprintBoot\sts-4.18.1.RELEASE\plugins\org.eclipse.justj.openjdk.hotspot.jre.full.win32.x86_64_17.0.7.v20230425-1502\jre\bin\java.dll
0x00007ffd55c00000 - 0x00007ffd55c18000 	C:\Program Files\SprintBoot\sts-4.18.1.RELEASE\plugins\org.eclipse.justj.openjdk.hotspot.jre.full.win32.x86_64_17.0.7.v20230425-1502\jre\bin\zip.dll
0x00007ffd69eb0000 - 0x00007ffd6a5b4000 	C:\WINDOWS\System32\SHELL32.dll
0x00007ffd66be0000 - 0x00007ffd67417000 	C:\WINDOWS\SYSTEM32\windows.storage.dll
0x00007ffd6afe0000 - 0x00007ffd6b0c9000 	C:\WINDOWS\System32\SHCORE.dll
0x00007ffd6af80000 - 0x00007ffd6afdd000 	C:\WINDOWS\System32\shlwapi.dll
0x00007ffd68df0000 - 0x00007ffd68e1e000 	C:\WINDOWS\SYSTEM32\profapi.dll
0x00007ffd55ae0000 - 0x00007ffd55af9000 	C:\Program Files\SprintBoot\sts-4.18.1.RELEASE\plugins\org.eclipse.justj.openjdk.hotspot.jre.full.win32.x86_64_17.0.7.v20230425-1502\jre\bin\net.dll
0x00007ffd5ed60000 - 0x00007ffd5ee7e000 	C:\WINDOWS\SYSTEM32\WINHTTP.dll
0x00007ffd68220000 - 0x00007ffd6828a000 	C:\WINDOWS\system32\mswsock.dll
0x00007ffd55ac0000 - 0x00007ffd55ad5000 	C:\Program Files\SprintBoot\sts-4.18.1.RELEASE\plugins\org.eclipse.justj.openjdk.hotspot.jre.full.win32.x86_64_17.0.7.v20230425-1502\jre\bin\nio.dll
0x00007ffd61f90000 - 0x00007ffd61f99000 	C:\Program Files\SprintBoot\sts-4.18.1.RELEASE\plugins\org.eclipse.justj.openjdk.hotspot.jre.full.win32.x86_64_17.0.7.v20230425-1502\jre\bin\management.dll
0x00007ffd61f80000 - 0x00007ffd61f8b000 	C:\Program Files\SprintBoot\sts-4.18.1.RELEASE\plugins\org.eclipse.justj.openjdk.hotspot.jre.full.win32.x86_64_17.0.7.v20230425-1502\jre\bin\management_ext.dll
0x00007ffd6ac00000 - 0x00007ffd6ac08000 	C:\WINDOWS\System32\PSAPI.DLL
0x00007ffd495c0000 - 0x00007ffd495d8000 	C:\WINDOWS\system32\napinsp.dll
0x00007ffd677c0000 - 0x00007ffd678e5000 	C:\WINDOWS\SYSTEM32\DNSAPI.dll
0x00007ffd67730000 - 0x00007ffd67762000 	C:\WINDOWS\SYSTEM32\IPHLPAPI.DLL
0x00007ffd6b510000 - 0x00007ffd6b51a000 	C:\WINDOWS\System32\NSI.dll
0x00007ffd494e0000 - 0x00007ffd494f2000 	C:\WINDOWS\System32\winrnr.dll
0x00007ffd494b0000 - 0x00007ffd494d2000 	C:\WINDOWS\system32\nlansp_c.dll
0x00007ffd5f120000 - 0x00007ffd5f136000 	C:\WINDOWS\system32\wshbth.dll
0x00007ffd5f270000 - 0x00007ffd5f27b000 	C:\Windows\System32\rasadhlp.dll
0x00007ffd61860000 - 0x00007ffd618e5000 	C:\WINDOWS\System32\fwpuclnt.dll
0x00007ffd684d0000 - 0x00007ffd684ec000 	C:\WINDOWS\SYSTEM32\CRYPTSP.dll
0x00007ffd67c70000 - 0x00007ffd67ca8000 	C:\WINDOWS\system32\rsaenh.dll
0x00007ffd682c0000 - 0x00007ffd682eb000 	C:\WINDOWS\SYSTEM32\USERENV.dll
0x00007ffd68700000 - 0x00007ffd68726000 	C:\WINDOWS\SYSTEM32\bcrypt.dll
0x00007ffd684c0000 - 0x00007ffd684cc000 	C:\WINDOWS\SYSTEM32\CRYPTBASE.dll
0x00007ffd5eed0000 - 0x00007ffd5eeef000 	C:\WINDOWS\SYSTEM32\dhcpcsvc6.DLL
0x00007ffd5f280000 - 0x00007ffd5f2a5000 	C:\WINDOWS\SYSTEM32\dhcpcsvc.DLL
0x00007ffd62590000 - 0x00007ffd6259e000 	C:\Program Files\SprintBoot\sts-4.18.1.RELEASE\plugins\org.eclipse.justj.openjdk.hotspot.jre.full.win32.x86_64_17.0.7.v20230425-1502\jre\bin\sunmscapi.dll
0x00007ffd69170000 - 0x00007ffd692e6000 	C:\WINDOWS\System32\CRYPT32.dll
0x00007ffd686c0000 - 0x00007ffd686f0000 	C:\WINDOWS\SYSTEM32\ncrypt.dll
0x00007ffd68670000 - 0x00007ffd686af000 	C:\WINDOWS\SYSTEM32\NTASN1.dll
0x00007ffd63d10000 - 0x00007ffd63d20000 	C:\Program Files\SprintBoot\sts-4.18.1.RELEASE\plugins\org.eclipse.justj.openjdk.hotspot.jre.full.win32.x86_64_17.0.7.v20230425-1502\jre\bin\verify.dll

dbghelp: loaded successfully - version: 4.0.5 - missing functions: none
symbol engine: initialized successfully - sym options: 0x614 - pdb path: .;C:\Program Files\SprintBoot\sts-4.18.1.RELEASE\plugins\org.eclipse.justj.openjdk.hotspot.jre.full.win32.x86_64_17.0.7.v20230425-1502\jre\bin;C:\WINDOWS\SYSTEM32;C:\WINDOWS\WinSxS\amd64_microsoft.windows.common-controls_6595b64144ccf1df_6.0.26100.3037_none_3e09262ce333c378;C:\Program Files\SprintBoot\sts-4.18.1.RELEASE\plugins\org.eclipse.justj.openjdk.hotspot.jre.full.win32.x86_64_17.0.7.v20230425-1502\jre\bin\server

VM Arguments:
jvm_args: -Dcom.sun.management.jmxremote -Dcom.sun.management.jmxremote.port=54608 -Dcom.sun.management.jmxremote.authenticate=false -Dcom.sun.management.jmxremote.ssl=false -Djava.rmi.server.hostname=localhost -Dspring.jmx.enabled=true -Dmanagement.endpoints.jmx.exposure.include=* -Dspring.application.admin.enabled=true -XX:TieredStopAtLevel=1 -Dspring.boot.project.name=ecomm_java_backend -Dfile.encoding=UTF-8 -XX:+ShowCodeDetailsInExceptionMessages 
java_command: com.bhaskar.EcommJavaBackendApplication --spring.output.ansi.enabled=always
java_class_path (initial): D:\ecomm_java_project\ecomm_java_backend\target\classes;C:\Users\HP\.m2\repository\org\springframework\boot\spring-boot-starter-data-jpa\3.4.1\spring-boot-starter-data-jpa-3.4.1.jar;C:\Users\HP\.m2\repository\org\springframework\boot\spring-boot-starter\3.4.1\spring-boot-starter-3.4.1.jar;C:\Users\HP\.m2\repository\org\springframework\boot\spring-boot-starter-logging\3.4.1\spring-boot-starter-logging-3.4.1.jar;C:\Users\HP\.m2\repository\ch\qos\logback\logback-classic\1.5.12\logback-classic-1.5.12.jar;C:\Users\HP\.m2\repository\ch\qos\logback\logback-core\1.5.12\logback-core-1.5.12.jar;C:\Users\HP\.m2\repository\org\apache\logging\log4j\log4j-to-slf4j\2.24.3\log4j-to-slf4j-2.24.3.jar;C:\Users\HP\.m2\repository\org\apache\logging\log4j\log4j-api\2.24.3\log4j-api-2.24.3.jar;C:\Users\HP\.m2\repository\org\slf4j\jul-to-slf4j\2.0.16\jul-to-slf4j-2.0.16.jar;C:\Users\HP\.m2\repository\jakarta\annotation\jakarta.annotation-api\2.1.1\jakarta.annotation-api-2.1.1.jar;C:\Users\HP\.m2\repository\org\yaml\snakeyaml\2.3\snakeyaml-2.3.jar;C:\Users\HP\.m2\repository\org\springframework\boot\spring-boot-starter-jdbc\3.4.1\spring-boot-starter-jdbc-3.4.1.jar;C:\Users\HP\.m2\repository\com\zaxxer\HikariCP\5.1.0\HikariCP-5.1.0.jar;C:\Users\HP\.m2\repository\org\springframework\spring-jdbc\6.2.1\spring-jdbc-6.2.1.jar;C:\Users\HP\.m2\repository\org\hibernate\orm\hibernate-core\6.6.4.Final\hibernate-core-6.6.4.Final.jar;C:\Users\HP\.m2\repository\jakarta\persistence\jakarta.persistence-api\3.1.0\jakarta.persistence-api-3.1.0.jar;C:\Users\HP\.m2\repository\jakarta\transaction\jakarta.transaction-api\2.0.1\jakarta.transaction-api-2.0.1.jar;C:\Users\HP\.m2\repository\org\jboss\logging\jboss-logging\3.6.1.Final\jboss-logging-3.6.1.Final.jar;C:\Users\HP\.m2\repository\org\hibernate\common\hibernate-commons-annotations\7.0.3.Final\hibernate-commons-annotations-7.0.3.Final.jar;C:\Users\HP\.m2\repository\io\smallrye\jandex\3.2.0\jandex-3.2.0.jar;C:\Users\HP\.m2\reposito
Launcher Type: SUN_STANDARD

[Global flags]
     intx CICompilerCount                          = 4                                         {product} {ergonomic}
     uint ConcGCThreads                            = 3                                         {product} {ergonomic}
     uint G1ConcRefinementThreads                  = 10                                        {product} {ergonomic}
   size_t G1HeapRegionSize                         = 1048576                                   {product} {ergonomic}
    uintx GCDrainStackTargetSize                   = 64                                        {product} {ergonomic}
   size_t InitialHeapSize                          = 123731968                                 {product} {ergonomic}
     bool ManagementServer                         = true                                      {product} {command line}
   size_t MarkStackSize                            = 4194304                                   {product} {ergonomic}
   size_t MaxHeapSize                              = 1967128576                                {product} {ergonomic}
   size_t MaxNewSize                               = 1179648000                                {product} {ergonomic}
   size_t MinHeapDeltaBytes                        = 1048576                                   {product} {ergonomic}
   size_t MinHeapSize                              = 8388608                                   {product} {ergonomic}
    uintx NonProfiledCodeHeapSize                  = 0                                      {pd product} {ergonomic}
     bool ProfileInterpreter                       = false                                  {pd product} {command line}
    uintx ProfiledCodeHeapSize                     = 0                                      {pd product} {ergonomic}
     bool ShowCodeDetailsInExceptionMessages       = true                                   {manageable} {command line}
   size_t SoftMaxHeapSize                          = 1967128576                             {manageable} {ergonomic}
     intx TieredStopAtLevel                        = 1                                         {product} {command line}
     bool UseCompressedClassPointers               = true                           {product lp64_product} {ergonomic}
     bool UseCompressedOops                        = true                           {product lp64_product} {ergonomic}
     bool UseG1GC                                  = true                                      {product} {ergonomic}
     bool UseLargePagesIndividualAllocation        = false                                  {pd product} {ergonomic}

Logging:
Log output configuration:
 #0: stdout all=warning uptime,level,tags
 #1: stderr all=off uptime,level,tags

Environment Variables:
PATH=C:/Program Files/SprintBoot/sts-4.18.1.RELEASE//plugins/org.eclipse.justj.openjdk.hotspot.jre.full.win32.x86_64_17.0.7.v20230425-1502/jre/bin/server;C:/Program Files/SprintBoot/sts-4.18.1.RELEASE//plugins/org.eclipse.justj.openjdk.hotspot.jre.full.win32.x86_64_17.0.7.v20230425-1502/jre/bin;C:\Users\HP\AppData\Local\Programs\Python\Python312\Scripts\;C:\Users\HP\AppData\Local\Programs\Python\Python312\;C:\Program Files\Common Files\Oracle\Java\javapath;C:\Python311\Scripts\;C:\Python311\;C:\WINDOWS\system32;C:\WINDOWS;C:\WINDOWS\System32\Wbem;C:\WINDOWS\System32\WindowsPowerShell\v1.0\;C:\WINDOWS\System32\OpenSSH\;C:\MinGW\mingw32\bin;C:\Program Files\dotnet\;C:\Program Files\Java\jdk1.8.0_211\bin;"C:\Program Files\Java\jdk1.7.0_72\bin;";C:\Program Files\MySQL\MySQL Server 8.0\bin;C:\ProgramData\chocolatey\bin;C:\Program Files\MongoDB\Server\6.0\bin;D:\Git\cmd;C:\Program Files\HP\HP One Agent;C:\WINDOWS\system32;C:\WINDOWS;C:\WINDOWS\System32\Wbem;C:\WINDOWS\System32\WindowsPowerShell\v1.0\;C:\WINDOWS\System32\OpenSSH\;C:\Program Files\nodejs;C:\Users\HP\AppData\Roaming\npm;;C:\Program Files\Docker\Docker\resources\bin;C:\Program Files\MySQL\MySQL Shell 8.0\bin\;C:\Users\HP\AppData\Local\Microsoft\WindowsApps;C:\Users\HP\AppData\Local\Programs\Microsoft VS Code\bin;C:\MinGW\bin;C:\Users\HP\AppData\Local\GitHubDesktop\bin;C:\Program Files\MongoDB\Server\6.0\bin;C:\Users\HP\AppData\Local\atom\bin;C:\Users\HP\AppData\Local\Microsoft\WindowsApps;C:\Program Files (x86)\node;C:\Users\HP\AppData\Local\Microsoft\WinGet\Packages\Schniz.fnm_Microsoft.Winget.Source_8wekyb3d8bbwe;C:\Users\HP\AppData\Roaming\npm;C:\Program Files\SprintBoot\sts-4.18.1.RELEASE;
USERNAME=HP
OS=Windows_NT
PROCESSOR_IDENTIFIER=AMD64 Family 23 Model 104 Stepping 1, AuthenticAMD
TMP=C:\Users\HP\AppData\Local\Temp
TEMP=C:\Users\HP\AppData\Local\Temp



---------------  S Y S T E M  ---------------

OS:
 Windows 11 , 64 bit Build 26100 (10.0.26100.3037)
OS uptime: 3 days 18:12 hours
Hyper-V role detected

CPU: total 12 (initial active 12) (12 cores per cpu, 2 threads per core) family 23 model 104 stepping 1 microcode 0x8608107, cx8, cmov, fxsr, ht, mmx, 3dnowpref, sse, sse2, sse3, ssse3, sse4a, sse4.1, sse4.2, popcnt, lzcnt, tsc, tscinvbit, avx, avx2, aes, clmul, bmi1, bmi2, adx, sha, fma, vzeroupper, clflush, clflushopt, hv

Memory: 4k page, system-wide physical 7501M (1934M free)
TotalPageFile size 30029M (AvailPageFile size 500M)
current process WorkingSet (physical memory assigned to process): 417M, peak: 417M
current process commit charge ("private bytes"): 522M, peak: 992M

vm_info: OpenJDK 64-Bit Server VM (17.0.7+7) for windows-amd64 JRE (17.0.7+7), built on Apr 18 2023 22:10:42 by "temurin" with MS VC++ 16.7 (VS2019)

END.
